{"numFailedTestSuites":1,"numFailedTests":1,"numPassedTestSuites":16,"numPassedTests":272,"numPendingTestSuites":0,"numPendingTests":0,"numRuntimeErrorTestSuites":0,"numTodoTests":0,"numTotalTestSuites":17,"numTotalTests":273,"openHandles":[],"snapshot":{"added":0,"didUpdate":false,"failure":false,"filesAdded":0,"filesRemoved":0,"filesRemovedList":[],"filesUnmatched":0,"filesUpdated":0,"matched":0,"total":0,"unchecked":0,"uncheckedKeysByFile":[],"unmatched":0,"updated":0},"startTime":1782002778899,"success":false,"testResults":[{"assertionResults":[{"ancestorTitles":["api-client callOneMin"],"duration":27,"failing":false,"failureDetails":[],"failureMessages":[],"fullName":"api-client callOneMin does not retry non-idempotent POST calls","invocations":1,"location":null,"numPassingAsserts":2,"retryReasons":[],"startAt":1782002779680,"status":"passed","title":"does not retry non-idempotent POST calls"},{"ancestorTitles":["api-client callOneMin"],"duration":5,"failing":false,"failureDetails":[],"failureMessages":[],"fullName":"api-client callOneMin throws 408 on timeout","invocations":1,"location":null,"numPassingAsserts":1,"retryReasons":[],"startAt":1782002779708,"status":"passed","title":"throws 408 on timeout"},{"ancestorTitles":["api-client callOneMin"],"duration":2,"failing":false,"failureDetails":[],"failureMessages":[],"fullName":"api-client callOneMin throws 408 when timeout fires before caller signal","invocations":1,"location":null,"numPassingAsserts":1,"retryReasons":[],"startAt":1782002779713,"status":"passed","title":"throws 408 when timeout fires before caller signal"},{"ancestorTitles":["api-client callOneMin"],"duration":1,"failing":false,"failureDetails":[],"failureMessages":[],"fullName":"api-client callOneMin throws 499 when caller signal is already aborted","invocations":1,"location":null,"numPassingAsserts":1,"retryReasons":[],"startAt":1782002779715,"status":"passed","title":"throws 499 when caller signal is already aborted"},{"ancestorTitles":["api-client callOneMin"],"duration":17,"failing":false,"failureDetails":[],"failureMessages":[],"fullName":"api-client callOneMin throws on non-OK response","invocations":1,"location":null,"numPassingAsserts":1,"retryReasons":[],"startAt":1782002779716,"status":"passed","title":"throws on non-OK response"},{"ancestorTitles":["api-client callOneMin"],"duration":1,"failing":false,"failureDetails":[],"failureMessages":[],"fullName":"api-client callOneMin returns raw Response when raw=true","invocations":1,"location":null,"numPassingAsserts":1,"retryReasons":[],"startAt":1782002779733,"status":"passed","title":"returns raw Response when raw=true"},{"ancestorTitles":["api-client callOneMin"],"duration":2,"failing":false,"failureDetails":[],"failureMessages":[],"fullName":"api-client callOneMin handles non-JSON response gracefully","invocations":1,"location":null,"numPassingAsserts":1,"retryReasons":[],"startAt":1782002779735,"status":"passed","title":"handles non-JSON response gracefully"},{"ancestorTitles":["api-client callOneMin"],"duration":6,"failing":false,"failureDetails":[],"failureMessages":[],"fullName":"api-client callOneMin handles errors with read-only properties safely (DOMException imitation)","invocations":1,"location":null,"numPassingAsserts":1,"retryReasons":[],"startAt":1782002779737,"status":"passed","title":"handles errors with read-only properties safely (DOMException imitation)"},{"ancestorTitles":["isFailedResponse"],"duration":0,"failing":false,"failureDetails":[],"failureMessages":[],"fullName":"isFailedResponse returns true on FAILED","invocations":1,"location":null,"numPassingAsserts":1,"retryReasons":[],"startAt":1782002779743,"status":"passed","title":"returns true on FAILED"},{"ancestorTitles":["isFailedResponse"],"duration":0,"failing":false,"failureDetails":[],"failureMessages":[],"fullName":"isFailedResponse returns false on SUCCESS","invocations":1,"location":null,"numPassingAsserts":1,"retryReasons":[],"startAt":1782002779744,"status":"passed","title":"returns false on SUCCESS"},{"ancestorTitles":["isFailedResponse"],"duration":0,"failing":false,"failureDetails":[],"failureMessages":[],"fullName":"isFailedResponse returns false on null","invocations":1,"location":null,"numPassingAsserts":1,"retryReasons":[],"startAt":1782002779744,"status":"passed","title":"returns false on null"},{"ancestorTitles":["isFailedResponse"],"duration":1,"failing":false,"failureDetails":[],"failureMessages":[],"fullName":"isFailedResponse returns false on non-object","invocations":1,"location":null,"numPassingAsserts":1,"retryReasons":[],"startAt":1782002779744,"status":"passed","title":"returns false on non-object"},{"ancestorTitles":["normalizeOneMinResponse"],"duration":0,"failing":false,"failureDetails":[],"failureMessages":[],"fullName":"normalizeOneMinResponse extracts text, resultObject, conversationId, uuid","invocations":1,"location":null,"numPassingAsserts":5,"retryReasons":[],"startAt":1782002779745,"status":"passed","title":"extracts text, resultObject, conversationId, uuid"}],"endTime":1782002779746,"message":"","name":"C:\\Users\\mibu0\\Documents\\develop\\one-min-ai-monaco-client\\tests\\api-client-retry.test.js","startTime":1782002779193,"status":"passed","summary":""},{"assertionResults":[{"ancestorTitles":["config/server.js env validation"],"duration":11,"failing":false,"failureDetails":[],"failureMessages":[],"fullName":"config/server.js env validation PORT clamps to the [1, 65535] range","invocations":1,"location":null,"numPassingAsserts":4,"retryReasons":[],"startAt":1782002779728,"status":"passed","title":"PORT clamps to the [1, 65535] range"},{"ancestorTitles":["config/server.js env validation"],"duration":4,"failing":false,"failureDetails":[],"failureMessages":[],"fullName":"config/server.js env validation MAX_FILE_SIZE accepts both raw bytes and suffixed values","invocations":1,"location":null,"numPassingAsserts":3,"retryReasons":[],"startAt":1782002779739,"status":"passed","title":"MAX_FILE_SIZE accepts both raw bytes and suffixed values"},{"ancestorTitles":["config/server.js env validation"],"duration":2,"failing":false,"failureDetails":[],"failureMessages":[],"fullName":"config/server.js env validation MAX_FILE_SIZE caps at the absolute maximum (100MB)","invocations":1,"location":null,"numPassingAsserts":1,"retryReasons":[],"startAt":1782002779743,"status":"passed","title":"MAX_FILE_SIZE caps at the absolute maximum (100MB)"},{"ancestorTitles":["config/server.js env validation"],"duration":1,"failing":false,"failureDetails":[],"failureMessages":[],"fullName":"config/server.js env validation RATE_LIMIT_MAX falls back on non-numeric input","invocations":1,"location":null,"numPassingAsserts":1,"retryReasons":[],"startAt":1782002779745,"status":"passed","title":"RATE_LIMIT_MAX falls back on non-numeric input"},{"ancestorTitles":["config/server.js env validation"],"duration":2,"failing":false,"failureDetails":[],"failureMessages":[],"fullName":"config/server.js env validation API_RETRY_ATTEMPTS clamps to [0, 10]","invocations":1,"location":null,"numPassingAsserts":2,"retryReasons":[],"startAt":1782002779746,"status":"passed","title":"API_RETRY_ATTEMPTS clamps to [0, 10]"},{"ancestorTitles":["config/server.js env validation"],"duration":2,"failing":false,"failureDetails":[],"failureMessages":[],"fullName":"config/server.js env validation AGENT_MAX_LOOPS clamps to [1, 100]","invocations":1,"location":null,"numPassingAsserts":3,"retryReasons":[],"startAt":1782002779749,"status":"passed","title":"AGENT_MAX_LOOPS clamps to [1, 100]"},{"ancestorTitles":["config/server.js env validation"],"duration":3,"failing":false,"failureDetails":[],"failureMessages":[],"fullName":"config/server.js env validation LOG_LEVEL rejects unknown levels","invocations":1,"location":null,"numPassingAsserts":2,"retryReasons":[],"startAt":1782002779751,"status":"passed","title":"LOG_LEVEL rejects unknown levels"},{"ancestorTitles":["config/server.js env validation"],"duration":2,"failing":false,"failureDetails":[],"failureMessages":[],"fullName":"config/server.js env validation ONE_MIN_AI_API_BASE_URL rejects non-http(s) schemes","invocations":1,"location":null,"numPassingAsserts":2,"retryReasons":[],"startAt":1782002779754,"status":"passed","title":"ONE_MIN_AI_API_BASE_URL rejects non-http(s) schemes"},{"ancestorTitles":["config/server.js env validation"],"duration":4,"failing":false,"failureDetails":[],"failureMessages":[],"fullName":"config/server.js env validation Boolean flags are parsed conservatively","invocations":1,"location":null,"numPassingAsserts":3,"retryReasons":[],"startAt":1782002779756,"status":"passed","title":"Boolean flags are parsed conservatively"}],"endTime":1782002779761,"message":"","name":"C:\\Users\\mibu0\\Documents\\develop\\one-min-ai-monaco-client\\tests\\server-config.test.js","startTime":1782002779237,"status":"passed","summary":""},{"assertionResults":[{"ancestorTitles":["fs-guard","PROJECT_ROOT"],"duration":3,"failing":false,"failureDetails":[],"failureMessages":[],"fullName":"fs-guard PROJECT_ROOT should be an absolute path","invocations":1,"location":null,"numPassingAsserts":1,"retryReasons":[],"startAt":1782002779732,"status":"passed","title":"should be an absolute path"},{"ancestorTitles":["fs-guard","getAllowedRoots"],"duration":1,"failing":false,"failureDetails":[],"failureMessages":[],"fullName":"fs-guard getAllowedRoots should return only PROJECT_ROOT when ALLOWED_ROOTS is not set","invocations":1,"location":null,"numPassingAsserts":1,"retryReasons":[],"startAt":1782002779736,"status":"passed","title":"should return only PROJECT_ROOT when ALLOWED_ROOTS is not set"},{"ancestorTitles":["fs-guard","getAllowedRoots"],"duration":1,"failing":false,"failureDetails":[],"failureMessages":[],"fullName":"fs-guard getAllowedRoots should return only PROJECT_ROOT when ALLOWED_ROOTS is empty","invocations":1,"location":null,"numPassingAsserts":1,"retryReasons":[],"startAt":1782002779737,"status":"passed","title":"should return only PROJECT_ROOT when ALLOWED_ROOTS is empty"},{"ancestorTitles":["fs-guard","getAllowedRoots"],"duration":1,"failing":false,"failureDetails":[],"failureMessages":[],"fullName":"fs-guard getAllowedRoots should parse comma-separated ALLOWED_ROOTS and include PROJECT_ROOT","invocations":1,"location":null,"numPassingAsserts":3,"retryReasons":[],"startAt":1782002779738,"status":"passed","title":"should parse comma-separated ALLOWED_ROOTS and include PROJECT_ROOT"},{"ancestorTitles":["fs-guard","getAllowedRoots"],"duration":0,"failing":false,"failureDetails":[],"failureMessages":[],"fullName":"fs-guard getAllowedRoots should always include PROJECT_ROOT as first entry","invocations":1,"location":null,"numPassingAsserts":1,"retryReasons":[],"startAt":1782002779739,"status":"passed","title":"should always include PROJECT_ROOT as first entry"},{"ancestorTitles":["fs-guard","getDefaultRoot"],"duration":0,"failing":false,"failureDetails":[],"failureMessages":[],"fullName":"fs-guard getDefaultRoot should return PROJECT_ROOT when no custom roots","invocations":1,"location":null,"numPassingAsserts":1,"retryReasons":[],"startAt":1782002779739,"status":"passed","title":"should return PROJECT_ROOT when no custom roots"},{"ancestorTitles":["fs-guard","getDefaultRoot"],"duration":1,"failing":false,"failureDetails":[],"failureMessages":[],"fullName":"fs-guard getDefaultRoot should return first custom root when set","invocations":1,"location":null,"numPassingAsserts":1,"retryReasons":[],"startAt":1782002779739,"status":"passed","title":"should return first custom root when set"},{"ancestorTitles":["fs-guard","isProtectedPath"],"duration":2,"failing":false,"failureDetails":[],"failureMessages":[],"fullName":"fs-guard isProtectedPath should identify protected project files and directories","invocations":1,"location":null,"numPassingAsserts":4,"retryReasons":[],"startAt":1782002779740,"status":"passed","title":"should identify protected project files and directories"},{"ancestorTitles":["fs-guard","isProtectedPath"],"duration":3,"failing":false,"failureDetails":[],"failureMessages":[],"fullName":"fs-guard isProtectedPath should allow reading normal project source paths","invocations":1,"location":null,"numPassingAsserts":5,"retryReasons":[],"startAt":1782002779742,"status":"passed","title":"should allow reading normal project source paths"},{"ancestorTitles":["fs-guard","isProtectedPath"],"duration":3,"failing":false,"failureDetails":[],"failureMessages":[],"fullName":"fs-guard isProtectedPath should identify protected files within custom allowed roots","invocations":1,"location":null,"numPassingAsserts":4,"retryReasons":[],"startAt":1782002779745,"status":"passed","title":"should identify protected files within custom allowed roots"},{"ancestorTitles":["fs-guard","isProtectedPath"],"duration":4,"failing":false,"failureDetails":[],"failureMessages":[],"fullName":"fs-guard isProtectedPath matches new glob-based protections (secrets.json, .npmrc, *.pem)","invocations":1,"location":null,"numPassingAsserts":6,"retryReasons":[],"startAt":1782002779748,"status":"passed","title":"matches new glob-based protections (secrets.json, .npmrc, *.pem)"},{"ancestorTitles":["fs-guard","isProtectedPath"],"duration":5,"failing":false,"failureDetails":[],"failureMessages":[],"fullName":"fs-guard isProtectedPath write protection also covers new glob patterns","invocations":1,"location":null,"numPassingAsserts":4,"retryReasons":[],"startAt":1782002779752,"status":"passed","title":"write protection also covers new glob patterns"},{"ancestorTitles":["fs-guard","isProtectedPath"],"duration":1,"failing":false,"failureDetails":[],"failureMessages":[],"fullName":"fs-guard isProtectedPath should throw 403 for protected paths","invocations":1,"location":null,"numPassingAsserts":1,"retryReasons":[],"startAt":1782002779757,"status":"passed","title":"should throw 403 for protected paths"},{"ancestorTitles":["fs-guard","isProtectedPathForListing"],"duration":0,"failing":false,"failureDetails":[],"failureMessages":[],"fullName":"fs-guard isProtectedPathForListing should allow listing the default allowed root itself","invocations":1,"location":null,"numPassingAsserts":1,"retryReasons":[],"startAt":1782002779758,"status":"passed","title":"should allow listing the default allowed root itself"},{"ancestorTitles":["fs-guard","isProtectedPathForListing"],"duration":1,"failing":false,"failureDetails":[],"failureMessages":[],"fullName":"fs-guard isProtectedPathForListing should allow listing a custom allowed root itself","invocations":1,"location":null,"numPassingAsserts":1,"retryReasons":[],"startAt":1782002779758,"status":"passed","title":"should allow listing a custom allowed root itself"},{"ancestorTitles":["fs-guard","isProtectedPathForListing"],"duration":1,"failing":false,"failureDetails":[],"failureMessages":[],"fullName":"fs-guard isProtectedPathForListing should block listing protected prefixes inside allowed roots","invocations":1,"location":null,"numPassingAsserts":2,"retryReasons":[],"startAt":1782002779759,"status":"passed","title":"should block listing protected prefixes inside allowed roots"},{"ancestorTitles":["fs-guard","isProtectedPathForListing"],"duration":1,"failing":false,"failureDetails":[],"failureMessages":[],"fullName":"fs-guard isProtectedPathForListing should block protected prefixes inside custom allowed roots","invocations":1,"location":null,"numPassingAsserts":2,"retryReasons":[],"startAt":1782002779760,"status":"passed","title":"should block protected prefixes inside custom allowed roots"},{"ancestorTitles":["fs-guard","isWriteProtectedPath"],"duration":4,"failing":false,"failureDetails":[],"failureMessages":[],"fullName":"fs-guard isWriteProtectedPath should protect source and project infrastructure from destructive operations","invocations":1,"location":null,"numPassingAsserts":5,"retryReasons":[],"startAt":1782002779762,"status":"passed","title":"should protect source and project infrastructure from destructive operations"},{"ancestorTitles":["fs-guard","isWriteProtectedPath"],"duration":4,"failing":false,"failureDetails":[],"failureMessages":[],"fullName":"fs-guard isWriteProtectedPath should allow normal writable project paths","invocations":1,"location":null,"numPassingAsserts":2,"retryReasons":[],"startAt":1782002779766,"status":"passed","title":"should allow normal writable project paths"},{"ancestorTitles":["fs-guard","isWriteProtectedPath"],"duration":8,"failing":false,"failureDetails":[],"failureMessages":[],"fullName":"fs-guard isWriteProtectedPath should identify write-protected files within custom allowed roots","invocations":1,"location":null,"numPassingAsserts":5,"retryReasons":[],"startAt":1782002779770,"status":"passed","title":"should identify write-protected files within custom allowed roots"},{"ancestorTitles":["fs-guard","isWriteProtectedPath"],"duration":0,"failing":false,"failureDetails":[],"failureMessages":[],"fullName":"fs-guard isWriteProtectedPath should throw 403 for write-protected paths","invocations":1,"location":null,"numPassingAsserts":1,"retryReasons":[],"startAt":1782002779778,"status":"passed","title":"should throw 403 for write-protected paths"},{"ancestorTitles":["fs-guard","validatePath"],"duration":3,"failing":false,"failureDetails":[],"failureMessages":[],"fullName":"fs-guard validatePath should accept valid path within project root","invocations":1,"location":null,"numPassingAsserts":1,"retryReasons":[],"startAt":1782002779779,"status":"passed","title":"should accept valid path within project root"},{"ancestorTitles":["fs-guard","validatePath"],"duration":1,"failing":false,"failureDetails":[],"failureMessages":[],"fullName":"fs-guard validatePath should accept project root itself","invocations":1,"location":null,"numPassingAsserts":1,"retryReasons":[],"startAt":1782002779782,"status":"passed","title":"should accept project root itself"},{"ancestorTitles":["fs-guard","validatePath"],"duration":6,"failing":false,"failureDetails":[],"failureMessages":[],"fullName":"fs-guard validatePath should reject path within parent directory (narrow default)","invocations":1,"location":null,"numPassingAsserts":1,"retryReasons":[],"startAt":1782002779783,"status":"passed","title":"should reject path within parent directory (narrow default)"},{"ancestorTitles":["fs-guard","validatePath"],"duration":1,"failing":false,"failureDetails":[],"failureMessages":[],"fullName":"fs-guard validatePath should accept relative path within project","invocations":1,"location":null,"numPassingAsserts":1,"retryReasons":[],"startAt":1782002779790,"status":"passed","title":"should accept relative path within project"},{"ancestorTitles":["fs-guard","validatePath"],"duration":2,"failing":false,"failureDetails":[],"failureMessages":[],"fullName":"fs-guard validatePath should reject path outside default allowed roots","invocations":1,"location":null,"numPassingAsserts":1,"retryReasons":[],"startAt":1782002779791,"status":"passed","title":"should reject path outside default allowed roots"},{"ancestorTitles":["fs-guard","validatePath"],"duration":2,"failing":false,"failureDetails":[],"failureMessages":[],"fullName":"fs-guard validatePath should reject path traversal attempt","invocations":1,"location":null,"numPassingAsserts":1,"retryReasons":[],"startAt":1782002779793,"status":"passed","title":"should reject path traversal attempt"},{"ancestorTitles":["fs-guard","validatePath"],"duration":0,"failing":false,"failureDetails":[],"failureMessages":[],"fullName":"fs-guard validatePath should reject empty path","invocations":1,"location":null,"numPassingAsserts":1,"retryReasons":[],"startAt":1782002779795,"status":"passed","title":"should reject empty path"},{"ancestorTitles":["fs-guard","validatePath"],"duration":1,"failing":false,"failureDetails":[],"failureMessages":[],"fullName":"fs-guard validatePath should reject null path","invocations":1,"location":null,"numPassingAsserts":1,"retryReasons":[],"startAt":1782002779795,"status":"passed","title":"should reject null path"},{"ancestorTitles":["fs-guard","validatePath"],"duration":0,"failing":false,"failureDetails":[],"failureMessages":[],"fullName":"fs-guard validatePath should reject undefined path","invocations":1,"location":null,"numPassingAsserts":1,"retryReasons":[],"startAt":1782002779796,"status":"passed","title":"should reject undefined path"},{"ancestorTitles":["fs-guard","validatePath"],"duration":2,"failing":false,"failureDetails":[],"failureMessages":[],"fullName":"fs-guard validatePath should set 403 status on access denied error","invocations":1,"location":null,"numPassingAsserts":1,"retryReasons":[],"startAt":1782002779796,"status":"passed","title":"should set 403 status on access denied error"},{"ancestorTitles":["fs-guard","validatePath"],"duration":1,"failing":false,"failureDetails":[],"failureMessages":[],"fullName":"fs-guard validatePath should accept path within custom allowed root","invocations":1,"location":null,"numPassingAsserts":1,"retryReasons":[],"startAt":1782002779798,"status":"passed","title":"should accept path within custom allowed root"},{"ancestorTitles":["fs-guard","validatePath"],"duration":1,"failing":false,"failureDetails":[],"failureMessages":[],"fullName":"fs-guard validatePath should reject path outside all allowed roots","invocations":1,"location":null,"numPassingAsserts":1,"retryReasons":[],"startAt":1782002779799,"status":"passed","title":"should reject path outside all allowed roots"}],"endTime":1782002779802,"message":"","name":"C:\\Users\\mibu0\\Documents\\develop\\one-min-ai-monaco-client\\tests\\fs-guard.test.js","startTime":1782002779196,"status":"passed","summary":""},{"assertionResults":[{"ancestorTitles":["config/models.js","hardcoded model lists"],"duration":40,"failing":false,"failureDetails":[],"failureMessages":[],"fullName":"config/models.js hardcoded model lists getChatModels returns an array of models","invocations":1,"location":null,"numPassingAsserts":5,"retryReasons":[],"startAt":1782002779749,"status":"passed","title":"getChatModels returns an array of models"},{"ancestorTitles":["config/models.js","hardcoded model lists"],"duration":0,"failing":false,"failureDetails":[],"failureMessages":[],"fullName":"config/models.js hardcoded model lists getCodeModels returns an array with code-tagged models","invocations":1,"location":null,"numPassingAsserts":2,"retryReasons":[],"startAt":1782002779790,"status":"passed","title":"getCodeModels returns an array with code-tagged models"},{"ancestorTitles":["config/models.js","hardcoded model lists"],"duration":1,"failing":false,"failureDetails":[],"failureMessages":[],"fullName":"config/models.js hardcoded model lists getImageModels returns an array with image models","invocations":1,"location":null,"numPassingAsserts":2,"retryReasons":[],"startAt":1782002779790,"status":"passed","title":"getImageModels returns an array with image models"},{"ancestorTitles":["config/models.js","getModelSyncStatus"],"duration":1,"failing":false,"failureDetails":[],"failureMessages":[],"fullName":"config/models.js getModelSyncStatus returns an object with ok, lastSync, error","invocations":1,"location":null,"numPassingAsserts":2,"retryReasons":[],"startAt":1782002779791,"status":"passed","title":"returns an object with ok, lastSync, error"},{"ancestorTitles":["config/models.js","initModels with successful /api/models fetch"],"duration":6,"failing":false,"failureDetails":[],"failureMessages":[],"fullName":"config/models.js initModels with successful /api/models fetch updates model lists when fetch succeeds","invocations":1,"location":null,"numPassingAsserts":2,"retryReasons":[],"startAt":1782002779792,"status":"passed","title":"updates model lists when fetch succeeds"},{"ancestorTitles":["config/models.js","initModels with 404 from /api/models"],"duration":0,"failing":false,"failureDetails":[],"failureMessages":[],"fullName":"config/models.js initModels with 404 from /api/models treats 404 as feature unavailable without error","invocations":1,"location":null,"numPassingAsserts":1,"retryReasons":[],"startAt":1782002779799,"status":"passed","title":"treats 404 as feature unavailable without error"},{"ancestorTitles":["config/models.js","initModels with 500 from /api/models"],"duration":1,"failing":false,"failureDetails":[],"failureMessages":[],"fullName":"config/models.js initModels with 500 from /api/models marks sync as failed on server error","invocations":1,"location":null,"numPassingAsserts":2,"retryReasons":[],"startAt":1782002779800,"status":"passed","title":"marks sync as failed on server error"},{"ancestorTitles":["config/models.js","fetchModels handles different model type field names"],"duration":0,"failing":false,"failureDetails":[],"failureMessages":[],"fullName":"config/models.js fetchModels handles different model type field names accepts featureType as alternative to type","invocations":1,"location":null,"numPassingAsserts":1,"retryReasons":[],"startAt":1782002779801,"status":"passed","title":"accepts featureType as alternative to type"}],"endTime":1782002779803,"message":"","name":"C:\\Users\\mibu0\\Documents\\develop\\one-min-ai-monaco-client\\tests\\models-config.test.js","startTime":1782002779256,"status":"passed","summary":""},{"assertionResults":[{"ancestorTitles":["escapeHtml"],"duration":3,"failing":false,"failureDetails":[],"failureMessages":[],"fullName":"escapeHtml escapes all dangerous characters","invocations":1,"location":null,"numPassingAsserts":1,"retryReasons":[],"startAt":1782002779791,"status":"passed","title":"escapes all dangerous characters"},{"ancestorTitles":["escapeHtml"],"duration":0,"failing":false,"failureDetails":[],"failureMessages":[],"fullName":"escapeHtml returns empty string for non-string input","invocations":1,"location":null,"numPassingAsserts":3,"retryReasons":[],"startAt":1782002779795,"status":"passed","title":"returns empty string for non-string input"},{"ancestorTitles":["formatMarkdownLike"],"duration":1,"failing":false,"failureDetails":[],"failureMessages":[],"fullName":"formatMarkdownLike wraps inline code and bold","invocations":1,"location":null,"numPassingAsserts":2,"retryReasons":[],"startAt":1782002779795,"status":"passed","title":"wraps inline code and bold"},{"ancestorTitles":["formatMarkdownLike"],"duration":0,"failing":false,"failureDetails":[],"failureMessages":[],"fullName":"formatMarkdownLike html-escapes raw markup so it cannot inject","invocations":1,"location":null,"numPassingAsserts":2,"retryReasons":[],"startAt":1782002779796,"status":"passed","title":"html-escapes raw markup so it cannot inject"},{"ancestorTitles":["stripMarkdownCodeBlock"],"duration":1,"failing":false,"failureDetails":[],"failureMessages":[],"fullName":"stripMarkdownCodeBlock strips a single fenced block","invocations":1,"location":null,"numPassingAsserts":1,"retryReasons":[],"startAt":1782002779796,"status":"passed","title":"strips a single fenced block"},{"ancestorTitles":["stripMarkdownCodeBlock"],"duration":0,"failing":false,"failureDetails":[],"failureMessages":[],"fullName":"stripMarkdownCodeBlock returns the original text when not fenced","invocations":1,"location":null,"numPassingAsserts":1,"retryReasons":[],"startAt":1782002779797,"status":"passed","title":"returns the original text when not fenced"},{"ancestorTitles":["unescapeXmlText"],"duration":1,"failing":false,"failureDetails":[],"failureMessages":[],"fullName":"unescapeXmlText reverses the five XML entities","invocations":1,"location":null,"numPassingAsserts":1,"retryReasons":[],"startAt":1782002779797,"status":"passed","title":"reverses the five XML entities"},{"ancestorTitles":["parseXMLTags"],"duration":1,"failing":false,"failureDetails":[],"failureMessages":[],"fullName":"parseXMLTags extracts thought + call_tool + parameter","invocations":1,"location":null,"numPassingAsserts":2,"retryReasons":[],"startAt":1782002779798,"status":"passed","title":"extracts thought + call_tool + parameter"},{"ancestorTitles":["parseXMLTags"],"duration":0,"failing":false,"failureDetails":[],"failureMessages":[],"fullName":"parseXMLTags decodes XML-escaped parameter values","invocations":1,"location":null,"numPassingAsserts":1,"retryReasons":[],"startAt":1782002779799,"status":"passed","title":"decodes XML-escaped parameter values"},{"ancestorTitles":["parseXMLTags"],"duration":1,"failing":false,"failureDetails":[],"failureMessages":[],"fullName":"parseXMLTags extracts finish tag","invocations":1,"location":null,"numPassingAsserts":1,"retryReasons":[],"startAt":1782002779799,"status":"passed","title":"extracts finish tag"},{"ancestorTitles":["parseXMLTags"],"duration":0,"failing":false,"failureDetails":[],"failureMessages":[],"fullName":"parseXMLTags falls back to JSON-shaped fragment","invocations":1,"location":null,"numPassingAsserts":1,"retryReasons":[],"startAt":1782002779800,"status":"passed","title":"falls back to JSON-shaped fragment"},{"ancestorTitles":["parseXMLTags"],"duration":0,"failing":false,"failureDetails":[],"failureMessages":[],"fullName":"parseXMLTags returns nulls for empty input","invocations":1,"location":null,"numPassingAsserts":2,"retryReasons":[],"startAt":1782002779800,"status":"passed","title":"returns nulls for empty input"},{"ancestorTitles":["parseXMLTags"],"duration":1,"failing":false,"failureDetails":[],"failureMessages":[],"fullName":"parseXMLTags handles JSON with nested params","invocations":1,"location":null,"numPassingAsserts":1,"retryReasons":[],"startAt":1782002779800,"status":"passed","title":"handles JSON with nested params"},{"ancestorTitles":["parseXMLTags"],"duration":0,"failing":false,"failureDetails":[],"failureMessages":[],"fullName":"parseXMLTags handles JSON with action field","invocations":1,"location":null,"numPassingAsserts":1,"retryReasons":[],"startAt":1782002779801,"status":"passed","title":"handles JSON with action field"},{"ancestorTitles":["parseXMLTags"],"duration":0,"failing":false,"failureDetails":[],"failureMessages":[],"fullName":"parseXMLTags handles malformed XML gracefully","invocations":1,"location":null,"numPassingAsserts":3,"retryReasons":[],"startAt":1782002779801,"status":"passed","title":"handles malformed XML gracefully"},{"ancestorTitles":["parseXMLTags"],"duration":1,"failing":false,"failureDetails":[],"failureMessages":[],"fullName":"parseXMLTags handles non-string input","invocations":1,"location":null,"numPassingAsserts":2,"retryReasons":[],"startAt":1782002779801,"status":"passed","title":"handles non-string input"},{"ancestorTitles":["parseXMLTags"],"duration":0,"failing":false,"failureDetails":[],"failureMessages":[],"fullName":"parseXMLTags extracts multiple parameters","invocations":1,"location":null,"numPassingAsserts":1,"retryReasons":[],"startAt":1782002779802,"status":"passed","title":"extracts multiple parameters"},{"ancestorTitles":["parseXMLTags"],"duration":0,"failing":false,"failureDetails":[],"failureMessages":[],"fullName":"parseXMLTags handles unquoted XML attribute","invocations":1,"location":null,"numPassingAsserts":1,"retryReasons":[],"startAt":1782002779802,"status":"passed","title":"handles unquoted XML attribute"},{"ancestorTitles":["parseXMLTags"],"duration":6,"failing":false,"failureDetails":[],"failureMessages":[],"fullName":"parseXMLTags drops inputs larger than the maximum size cap","invocations":1,"location":null,"numPassingAsserts":1,"retryReasons":[],"startAt":1782002779802,"status":"passed","title":"drops inputs larger than the maximum size cap"},{"ancestorTitles":["parseXMLTags"],"duration":0,"failing":false,"failureDetails":[],"failureMessages":[],"fullName":"parseXMLTags caps the JSON-fallback candidate count","invocations":1,"location":null,"numPassingAsserts":3,"retryReasons":[],"startAt":1782002779808,"status":"passed","title":"caps the JSON-fallback candidate count"},{"ancestorTitles":["createSvgIcon / appendStepIcon"],"duration":1,"failing":false,"failureDetails":[],"failureMessages":[],"fullName":"createSvgIcon / appendStepIcon createSvgIcon builds an <svg> with the requested viewBox + path","invocations":1,"location":null,"numPassingAsserts":4,"retryReasons":[],"startAt":1782002779808,"status":"passed","title":"createSvgIcon builds an <svg> with the requested viewBox + path"},{"ancestorTitles":["createSvgIcon / appendStepIcon"],"duration":1,"failing":false,"failureDetails":[],"failureMessages":[],"fullName":"createSvgIcon / appendStepIcon appendStepIcon falls back to 'thought' for unknown types","invocations":1,"location":null,"numPassingAsserts":2,"retryReasons":[],"startAt":1782002779810,"status":"passed","title":"appendStepIcon falls back to 'thought' for unknown types"},{"ancestorTitles":["createSvgIcon / appendStepIcon"],"duration":0,"failing":false,"failureDetails":[],"failureMessages":[],"fullName":"createSvgIcon / appendStepIcon SVG_NS is the SVG namespace","invocations":1,"location":null,"numPassingAsserts":1,"retryReasons":[],"startAt":1782002779811,"status":"passed","title":"SVG_NS is the SVG namespace"}],"endTime":1782002779812,"message":"","name":"C:\\Users\\mibu0\\Documents\\develop\\one-min-ai-monaco-client\\tests\\utils.test.js","startTime":1782002779289,"status":"passed","summary":""},{"assertionResults":[{"ancestorTitles":["api-client","extractText"],"duration":1,"failing":false,"failureDetails":[],"failureMessages":[],"fullName":"api-client extractText should extract text from aiRecord.aiRecordDetail.resultObject","invocations":1,"location":null,"numPassingAsserts":1,"retryReasons":[],"startAt":1782002779849,"status":"passed","title":"should extract text from aiRecord.aiRecordDetail.resultObject"},{"ancestorTitles":["api-client","extractText"],"duration":0,"failing":false,"failureDetails":[],"failureMessages":[],"fullName":"api-client extractText should extract text from aiRecord.aiRecordDetail.result","invocations":1,"location":null,"numPassingAsserts":1,"retryReasons":[],"startAt":1782002779851,"status":"passed","title":"should extract text from aiRecord.aiRecordDetail.result"},{"ancestorTitles":["api-client","extractText"],"duration":0,"failing":false,"failureDetails":[],"failureMessages":[],"fullName":"api-client extractText should extract text from result field","invocations":1,"location":null,"numPassingAsserts":1,"retryReasons":[],"startAt":1782002779851,"status":"passed","title":"should extract text from result field"},{"ancestorTitles":["api-client","extractText"],"duration":0,"failing":false,"failureDetails":[],"failureMessages":[],"fullName":"api-client extractText should extract text from message field","invocations":1,"location":null,"numPassingAsserts":1,"retryReasons":[],"startAt":1782002779852,"status":"passed","title":"should extract text from message field"},{"ancestorTitles":["api-client","extractText"],"duration":0,"failing":false,"failureDetails":[],"failureMessages":[],"fullName":"api-client extractText should extract text from text field","invocations":1,"location":null,"numPassingAsserts":1,"retryReasons":[],"startAt":1782002779852,"status":"passed","title":"should extract text from text field"},{"ancestorTitles":["api-client","extractText"],"duration":0,"failing":false,"failureDetails":[],"failureMessages":[],"fullName":"api-client extractText should extract text from content field","invocations":1,"location":null,"numPassingAsserts":1,"retryReasons":[],"startAt":1782002779852,"status":"passed","title":"should extract text from content field"},{"ancestorTitles":["api-client","extractText"],"duration":1,"failing":false,"failureDetails":[],"failureMessages":[],"fullName":"api-client extractText should extract text from aiRecord.output (image URL fallback)","invocations":1,"location":null,"numPassingAsserts":1,"retryReasons":[],"startAt":1782002779852,"status":"passed","title":"should extract text from aiRecord.output (image URL fallback)"},{"ancestorTitles":["api-client","extractText"],"duration":0,"failing":false,"failureDetails":[],"failureMessages":[],"fullName":"api-client extractText should handle array result","invocations":1,"location":null,"numPassingAsserts":1,"retryReasons":[],"startAt":1782002779853,"status":"passed","title":"should handle array result"},{"ancestorTitles":["api-client","extractText"],"duration":0,"failing":false,"failureDetails":[],"failureMessages":[],"fullName":"api-client extractText should handle object result by JSON stringifying","invocations":1,"location":null,"numPassingAsserts":1,"retryReasons":[],"startAt":1782002779853,"status":"passed","title":"should handle object result by JSON stringifying"},{"ancestorTitles":["api-client","extractText"],"duration":0,"failing":false,"failureDetails":[],"failureMessages":[],"fullName":"api-client extractText should return JSON stringified data when no candidates match","invocations":1,"location":null,"numPassingAsserts":1,"retryReasons":[],"startAt":1782002779853,"status":"passed","title":"should return JSON stringified data when no candidates match"},{"ancestorTitles":["api-client","extractText"],"duration":0,"failing":false,"failureDetails":[],"failureMessages":[],"fullName":"api-client extractText should handle null and undefined gracefully","invocations":1,"location":null,"numPassingAsserts":2,"retryReasons":[],"startAt":1782002779854,"status":"passed","title":"should handle null and undefined gracefully"},{"ancestorTitles":["api-client","extractText"],"duration":0,"failing":false,"failureDetails":[],"failureMessages":[],"fullName":"api-client extractText should handle empty object","invocations":1,"location":null,"numPassingAsserts":1,"retryReasons":[],"startAt":1782002779854,"status":"passed","title":"should handle empty object"},{"ancestorTitles":["api-client","normalizeAssetResponse"],"duration":1,"failing":false,"failureDetails":[],"failureMessages":[],"fullName":"api-client normalizeAssetResponse should normalize asset key and build asset URL","invocations":1,"location":null,"numPassingAsserts":1,"retryReasons":[],"startAt":1782002779854,"status":"passed","title":"should normalize asset key and build asset URL"},{"ancestorTitles":["api-client","normalizeAssetResponse"],"duration":0,"failing":false,"failureDetails":[],"failureMessages":[],"fullName":"api-client normalizeAssetResponse should preserve absolute asset URLs","invocations":1,"location":null,"numPassingAsserts":1,"retryReasons":[],"startAt":1782002779855,"status":"passed","title":"should preserve absolute asset URLs"}],"endTime":1782002779856,"message":"","name":"C:\\Users\\mibu0\\Documents\\develop\\one-min-ai-monaco-client\\tests\\api-client.test.js","startTime":1782002779756,"status":"passed","summary":""},{"assertionResults":[{"ancestorTitles":["web-search payload helpers","parseWebSearchParams"],"duration":2,"failing":false,"failureDetails":[],"failureMessages":[],"fullName":"web-search payload helpers parseWebSearchParams should parse web search flags and numeric limits","invocations":1,"location":null,"numPassingAsserts":1,"retryReasons":[],"startAt":1782002779856,"status":"passed","title":"should parse web search flags and numeric limits"},{"ancestorTitles":["web-search payload helpers","parseWebSearchParams"],"duration":3,"failing":false,"failureDetails":[],"failureMessages":[],"fullName":"web-search payload helpers parseWebSearchParams should reject invalid numOfSite","invocations":1,"location":null,"numPassingAsserts":1,"retryReasons":[],"startAt":1782002779859,"status":"passed","title":"should reject invalid numOfSite"},{"ancestorTitles":["web-search payload helpers","parseWebSearchParams"],"duration":1,"failing":false,"failureDetails":[],"failureMessages":[],"fullName":"web-search payload helpers parseWebSearchParams should reject invalid maxWord","invocations":1,"location":null,"numPassingAsserts":1,"retryReasons":[],"startAt":1782002779862,"status":"passed","title":"should reject invalid maxWord"},{"ancestorTitles":["web-search payload helpers","buildWebSearchSettings"],"duration":0,"failing":false,"failureDetails":[],"failureMessages":[],"fullName":"web-search payload helpers buildWebSearchSettings should include optional limits only when provided","invocations":1,"location":null,"numPassingAsserts":1,"retryReasons":[],"startAt":1782002779863,"status":"passed","title":"should include optional limits only when provided"},{"ancestorTitles":["web-search payload helpers","buildWebSearchSettings"],"duration":0,"failing":false,"failureDetails":[],"failureMessages":[],"fullName":"web-search payload helpers buildWebSearchSettings should include maxWord when provided","invocations":1,"location":null,"numPassingAsserts":1,"retryReasons":[],"startAt":1782002779863,"status":"passed","title":"should include maxWord when provided"},{"ancestorTitles":["web-search payload helpers","buildCodePayload"],"duration":0,"failing":false,"failureDetails":[],"failureMessages":[],"fullName":"web-search payload helpers buildCodePayload should build CODE_GENERATOR payload matching 1min.ai API schema (flat webSearch on promptObject)","invocations":1,"location":null,"numPassingAsserts":1,"retryReasons":[],"startAt":1782002779864,"status":"passed","title":"should build CODE_GENERATOR payload matching 1min.ai API schema (flat webSearch on promptObject)"},{"ancestorTitles":["web-search payload helpers","buildCodePayload"],"duration":1,"failing":false,"failureDetails":[],"failureMessages":[],"fullName":"web-search payload helpers buildCodePayload should omit optional fields when not provided","invocations":1,"location":null,"numPassingAsserts":4,"retryReasons":[],"startAt":1782002779864,"status":"passed","title":"should omit optional fields when not provided"},{"ancestorTitles":["web-search payload helpers","buildCodePayload"],"duration":0,"failing":false,"failureDetails":[],"failureMessages":[],"fullName":"web-search payload helpers buildCodePayload should fall back to default code model when model is omitted","invocations":1,"location":null,"numPassingAsserts":2,"retryReasons":[],"startAt":1782002779865,"status":"passed","title":"should fall back to default code model when model is omitted"}],"endTime":1782002779866,"message":"","name":"C:\\Users\\mibu0\\Documents\\develop\\one-min-ai-monaco-client\\tests\\web-search.test.js","startTime":1782002779770,"status":"passed","summary":""},{"assertionResults":[{"ancestorTitles":["CSP style-src directive"],"duration":30,"failing":false,"failureDetails":[],"failureMessages":[],"fullName":"CSP style-src directive GET / sets a style-src that includes 'unsafe-inline' (required by Monaco)","invocations":1,"location":null,"numPassingAsserts":4,"retryReasons":[],"startAt":1782002780152,"status":"passed","title":"GET / sets a style-src that includes 'unsafe-inline' (required by Monaco)"},{"ancestorTitles":["CSP style-src directive"],"duration":6,"failing":false,"failureDetails":[],"failureMessages":[],"fullName":"CSP style-src directive GET / sets a style-src-attr mirroring 'unsafe-inline'","invocations":1,"location":null,"numPassingAsserts":2,"retryReasons":[],"startAt":1782002780183,"status":"passed","title":"GET / sets a style-src-attr mirroring 'unsafe-inline'"},{"ancestorTitles":["CSP style-src directive"],"duration":6,"failing":false,"failureDetails":[],"failureMessages":[],"fullName":"CSP style-src directive GET / injects a <meta name=\"csp-nonce\"> tag and a per-request nonce in <script> tags","invocations":1,"location":null,"numPassingAsserts":4,"retryReasons":[],"startAt":1782002780189,"status":"passed","title":"GET / injects a <meta name=\"csp-nonce\"> tag and a per-request nonce in <script> tags"},{"ancestorTitles":["CSP style-src directive"],"duration":5,"failing":false,"failureDetails":[],"failureMessages":[],"fullName":"CSP style-src directive index.html no longer contains any inline style= attribute","invocations":1,"location":null,"numPassingAsserts":3,"retryReasons":[],"startAt":1782002780195,"status":"passed","title":"index.html no longer contains any inline style= attribute"},{"ancestorTitles":["CSP style-src directive"],"duration":5,"failing":false,"failureDetails":[],"failureMessages":[],"fullName":"CSP style-src directive CSP no longer permits cdn.jsdelivr.net","invocations":1,"location":null,"numPassingAsserts":2,"retryReasons":[],"startAt":1782002780200,"status":"passed","title":"CSP no longer permits cdn.jsdelivr.net"}],"endTime":1782002780206,"message":"","name":"C:\\Users\\mibu0\\Documents\\develop\\one-min-ai-monaco-client\\tests\\csp-style-src.test.js","startTime":1782002779208,"status":"passed","summary":""},{"assertionResults":[{"ancestorTitles":["Review Fixes","Asset upload uses form-data package"],"duration":40,"failing":false,"failureDetails":[],"failureMessages":[],"fullName":"Review Fixes Asset upload uses form-data package should return normalized asset response","invocations":1,"location":null,"numPassingAsserts":2,"retryReasons":[],"startAt":1782002780100,"status":"passed","title":"should return normalized asset response"},{"ancestorTitles":["Review Fixes","Asset upload uses form-data package"],"duration":10,"failing":false,"failureDetails":[{"matcherResult":{"actual":500,"expected":200,"message":"expect(received).toBe(expected) // Object.is equality\n\nExpected: 200\nReceived: 500","name":"toBe","pass":false}}],"failureMessages":["Error: expect(received).toBe(expected) // Object.is equality\n\nExpected: 200\nReceived: 500\n    at Object.<anonymous> (C:\\Users\\mibu0\\Documents\\develop\\one-min-ai-monaco-client\\tests\\review-fixes.test.js:65:31)\n    at processTicksAndRejections (node:internal/process/task_queues:104:5)"],"fullName":"Review Fixes Asset upload uses form-data package should not include raw in response","invocations":1,"location":null,"numPassingAsserts":0,"retryReasons":[],"startAt":1782002780141,"status":"failed","title":"should not include raw in response"},{"ancestorTitles":["Review Fixes","Asset upload uses form-data package"],"duration":9,"failing":false,"failureDetails":[],"failureMessages":[],"fullName":"Review Fixes Asset upload uses form-data package cleans up the disk-staged upload file on success","invocations":1,"location":null,"numPassingAsserts":2,"retryReasons":[],"startAt":1782002780151,"status":"passed","title":"cleans up the disk-staged upload file on success"},{"ancestorTitles":["Review Fixes","CSP includes api.1min.ai"],"duration":5,"failing":false,"failureDetails":[],"failureMessages":[],"fullName":"Review Fixes CSP includes api.1min.ai should include api.1min.ai in Content-Security-Policy connect-src","invocations":1,"location":null,"numPassingAsserts":1,"retryReasons":[],"startAt":1782002780160,"status":"passed","title":"should include api.1min.ai in Content-Security-Policy connect-src"},{"ancestorTitles":["Review Fixes","Static files with X-Content-Type-Options"],"duration":8,"failing":false,"failureDetails":[],"failureMessages":[],"fullName":"Review Fixes Static files with X-Content-Type-Options should serve static JS files with X-Content-Type-Options nosniff","invocations":1,"location":null,"numPassingAsserts":1,"retryReasons":[],"startAt":1782002780165,"status":"passed","title":"should serve static JS files with X-Content-Type-Options nosniff"},{"ancestorTitles":["Review Fixes","Logger level normalization"],"duration":1,"failing":false,"failureDetails":[],"failureMessages":[],"fullName":"Review Fixes Logger level normalization should accept valid log levels","invocations":1,"location":null,"numPassingAsserts":1,"retryReasons":[],"startAt":1782002780173,"status":"passed","title":"should accept valid log levels"},{"ancestorTitles":["Review Fixes","Logger level normalization"],"duration":2,"failing":false,"failureDetails":[],"failureMessages":[],"fullName":"Review Fixes Logger level normalization should default to info for invalid log levels","invocations":1,"location":null,"numPassingAsserts":1,"retryReasons":[],"startAt":1782002780174,"status":"passed","title":"should default to info for invalid log levels"},{"ancestorTitles":["Review Fixes","Logger level normalization"],"duration":1,"failing":false,"failureDetails":[],"failureMessages":[],"fullName":"Review Fixes Logger level normalization should handle undefined log level","invocations":1,"location":null,"numPassingAsserts":1,"retryReasons":[],"startAt":1782002780176,"status":"passed","title":"should handle undefined log level"},{"ancestorTitles":["Review Fixes","API client error handling"],"duration":17,"failing":false,"failureDetails":[],"failureMessages":[],"fullName":"Review Fixes API client error handling should handle non-JSON error responses gracefully","invocations":1,"location":null,"numPassingAsserts":1,"retryReasons":[],"startAt":1782002780177,"status":"passed","title":"should handle non-JSON error responses gracefully"},{"ancestorTitles":["Review Fixes","API client error handling"],"duration":8,"failing":false,"failureDetails":[],"failureMessages":[],"fullName":"Review Fixes API client error handling should return 400 for missing prompt","invocations":1,"location":null,"numPassingAsserts":2,"retryReasons":[],"startAt":1782002780194,"status":"passed","title":"should return 400 for missing prompt"},{"ancestorTitles":["Review Fixes","Error payload containment in production"],"duration":4,"failing":false,"failureDetails":[],"failureMessages":[],"fullName":"Review Fixes Error payload containment in production should hide raw json payload in production","invocations":1,"location":null,"numPassingAsserts":4,"retryReasons":[],"startAt":1782002780203,"status":"passed","title":"should hide raw json payload in production"},{"ancestorTitles":["Review Fixes","Error payload containment in production"],"duration":6,"failing":false,"failureDetails":[],"failureMessages":[],"fullName":"Review Fixes Error payload containment in production should expose sanitized json payload in non-production environments","invocations":1,"location":null,"numPassingAsserts":3,"retryReasons":[],"startAt":1782002780207,"status":"passed","title":"should expose sanitized json payload in non-production environments"}],"endTime":1782002780228,"message":"  ● Review Fixes › Asset upload uses form-data package › should not include raw in response\n\n    expect(received).toBe(expected) // Object.is equality\n\n    Expected: 200\n    Received: 500\n\n    \u001b[0m \u001b[90m 63 |\u001b[39m         \u001b[33m.\u001b[39mattach(\u001b[32m\"asset\"\u001b[39m\u001b[33m,\u001b[39m \u001b[33mBuffer\u001b[39m\u001b[33m.\u001b[39m\u001b[36mfrom\u001b[39m(\u001b[32m\"hello\"\u001b[39m)\u001b[33m,\u001b[39m { filename\u001b[33m:\u001b[39m \u001b[32m\"test.txt\"\u001b[39m\u001b[33m,\u001b[39m contentType\u001b[33m:\u001b[39m \u001b[32m\"text/plain\"\u001b[39m })\u001b[33m;\u001b[39m\n     \u001b[90m 64 |\u001b[39m\n    \u001b[31m\u001b[1m>\u001b[22m\u001b[39m\u001b[90m 65 |\u001b[39m       expect(response\u001b[33m.\u001b[39mstatus)\u001b[33m.\u001b[39mtoBe(\u001b[35m200\u001b[39m)\u001b[33m;\u001b[39m\n     \u001b[90m    |\u001b[39m                               \u001b[31m\u001b[1m^\u001b[22m\u001b[39m\n     \u001b[90m 66 |\u001b[39m       expect(response\u001b[33m.\u001b[39mbody)\u001b[33m.\u001b[39mnot\u001b[33m.\u001b[39mtoHaveProperty(\u001b[32m\"raw\"\u001b[39m)\u001b[33m;\u001b[39m\n     \u001b[90m 67 |\u001b[39m       expect(response\u001b[33m.\u001b[39mbody)\u001b[33m.\u001b[39mtoHaveProperty(\u001b[32m\"key\"\u001b[39m)\u001b[33m;\u001b[39m\n     \u001b[90m 68 |\u001b[39m       expect(response\u001b[33m.\u001b[39mbody)\u001b[33m.\u001b[39mtoHaveProperty(\u001b[32m\"url\"\u001b[39m)\u001b[33m;\u001b[39m\u001b[0m\n\n      at Object.<anonymous> (tests/review-fixes.test.js:65:31)\n","name":"C:\\Users\\mibu0\\Documents\\develop\\one-min-ai-monaco-client\\tests\\review-fixes.test.js","startTime":1782002779180,"status":"failed","summary":""},{"assertionResults":[{"ancestorTitles":["known-issues.md regression fixes","M-11: output_compression validation"],"duration":41,"failing":false,"failureDetails":[],"failureMessages":[],"fullName":"known-issues.md regression fixes M-11: output_compression validation /api/images/generate rejects non-numeric output_compression with 400","invocations":1,"location":null,"numPassingAsserts":3,"retryReasons":[],"startAt":1782002780149,"status":"passed","title":"/api/images/generate rejects non-numeric output_compression with 400"},{"ancestorTitles":["known-issues.md regression fixes","M-11: output_compression validation"],"duration":6,"failing":false,"failureDetails":[],"failureMessages":[],"fullName":"known-issues.md regression fixes M-11: output_compression validation /api/images/generate accepts numeric output_compression","invocations":1,"location":null,"numPassingAsserts":4,"retryReasons":[],"startAt":1782002780190,"status":"passed","title":"/api/images/generate accepts numeric output_compression"},{"ancestorTitles":["known-issues.md regression fixes","M-11: output_compression validation"],"duration":18,"failing":false,"failureDetails":[],"failureMessages":[],"fullName":"known-issues.md regression fixes M-11: output_compression validation /api/images/generate rejects out-of-range output_compression","invocations":1,"location":null,"numPassingAsserts":9,"retryReasons":[],"startAt":1782002780196,"status":"passed","title":"/api/images/generate rejects out-of-range output_compression"},{"ancestorTitles":["known-issues.md regression fixes","M-11: output_compression validation"],"duration":8,"failing":false,"failureDetails":[],"failureMessages":[],"fullName":"known-issues.md regression fixes M-11: output_compression validation /api/images/text-editor rejects out-of-range output_compression","invocations":1,"location":null,"numPassingAsserts":2,"retryReasons":[],"startAt":1782002780215,"status":"passed","title":"/api/images/text-editor rejects out-of-range output_compression"},{"ancestorTitles":["known-issues.md regression fixes","M-11: output_compression validation"],"duration":5,"failing":false,"failureDetails":[],"failureMessages":[],"fullName":"known-issues.md regression fixes M-11: output_compression validation /api/images/generate treats empty string as omitted","invocations":1,"location":null,"numPassingAsserts":2,"retryReasons":[],"startAt":1782002780223,"status":"passed","title":"/api/images/generate treats empty string as omitted"},{"ancestorTitles":["known-issues.md regression fixes","M-11: output_compression validation"],"duration":5,"failing":false,"failureDetails":[],"failureMessages":[],"fullName":"known-issues.md regression fixes M-11: output_compression validation /api/images/text-editor rejects non-numeric output_compression with 400","invocations":1,"location":null,"numPassingAsserts":3,"retryReasons":[],"startAt":1782002780229,"status":"passed","title":"/api/images/text-editor rejects non-numeric output_compression with 400"},{"ancestorTitles":["known-issues.md regression fixes","M-11: output_compression validation"],"duration":5,"failing":false,"failureDetails":[],"failureMessages":[],"fullName":"known-issues.md regression fixes M-11: output_compression validation /api/images/text-editor accepts numeric output_compression","invocations":1,"location":null,"numPassingAsserts":2,"retryReasons":[],"startAt":1782002780234,"status":"passed","title":"/api/images/text-editor accepts numeric output_compression"},{"ancestorTitles":["known-issues.md regression fixes","M-14: extractFailureMessage ignores data.message"],"duration":0,"failing":false,"failureDetails":[],"failureMessages":[],"fullName":"known-issues.md regression fixes M-14: extractFailureMessage ignores data.message returns generic message when only data.message is present","invocations":1,"location":null,"numPassingAsserts":2,"retryReasons":[],"startAt":1782002780239,"status":"passed","title":"returns generic message when only data.message is present"},{"ancestorTitles":["known-issues.md regression fixes","M-14: extractFailureMessage ignores data.message"],"duration":1,"failing":false,"failureDetails":[],"failureMessages":[],"fullName":"known-issues.md regression fixes M-14: extractFailureMessage ignores data.message prefers specific errorMessage over generic message","invocations":1,"location":null,"numPassingAsserts":1,"retryReasons":[],"startAt":1782002780239,"status":"passed","title":"prefers specific errorMessage over generic message"},{"ancestorTitles":["known-issues.md regression fixes","M-14: extractFailureMessage ignores data.message"],"duration":0,"failing":false,"failureDetails":[],"failureMessages":[],"fullName":"known-issues.md regression fixes M-14: extractFailureMessage ignores data.message prefers error.message over data.message","invocations":1,"location":null,"numPassingAsserts":1,"retryReasons":[],"startAt":1782002780240,"status":"passed","title":"prefers error.message over data.message"},{"ancestorTitles":["known-issues.md regression fixes","M-14: extractFailureMessage ignores data.message"],"duration":10,"failing":false,"failureDetails":[],"failureMessages":[],"fullName":"known-issues.md regression fixes M-14: extractFailureMessage ignores data.message real extractFailureMessage does not surface data.message","invocations":1,"location":null,"numPassingAsserts":2,"retryReasons":[],"startAt":1782002780240,"status":"passed","title":"real extractFailureMessage does not surface data.message"},{"ancestorTitles":["known-issues.md regression fixes","M-12: searchInDirectory file size cap"],"duration":24,"failing":false,"failureDetails":[],"failureMessages":[],"fullName":"known-issues.md regression fixes M-12: searchInDirectory file size cap skips files larger than 256KB and does not crash","invocations":1,"location":null,"numPassingAsserts":4,"retryReasons":[],"startAt":1782002780250,"status":"passed","title":"skips files larger than 256KB and does not crash"},{"ancestorTitles":["known-issues.md regression fixes","M-12: searchInDirectory file size cap"],"duration":2,"failing":false,"failureDetails":[],"failureMessages":[],"fullName":"known-issues.md regression fixes M-12: searchInDirectory file size cap searchInDirectory source enforces 256KB cap","invocations":1,"location":null,"numPassingAsserts":2,"retryReasons":[],"startAt":1782002780274,"status":"passed","title":"searchInDirectory source enforces 256KB cap"},{"ancestorTitles":["known-issues.md regression fixes","M-10: run_command guards against nested approval"],"duration":1,"failing":false,"failureDetails":[],"failureMessages":[],"fullName":"known-issues.md regression fixes M-10: run_command guards against nested approval public/app.js rejects new run_command when resolver is busy","invocations":1,"location":null,"numPassingAsserts":2,"retryReasons":[],"startAt":1782002780276,"status":"passed","title":"public/app.js rejects new run_command when resolver is busy"},{"ancestorTitles":["known-issues.md regression fixes","M-9: approval step fade-out"],"duration":1,"failing":false,"failureDetails":[],"failureMessages":[],"fullName":"known-issues.md regression fixes M-9: approval step fade-out public/app.js removes approval step after decision","invocations":1,"location":null,"numPassingAsserts":2,"retryReasons":[],"startAt":1782002780277,"status":"passed","title":"public/app.js removes approval step after decision"},{"ancestorTitles":["known-issues.md regression fixes","M-2: orphan approval cleanup on reset/stop"],"duration":1,"failing":false,"failureDetails":[],"failureMessages":[],"fullName":"known-issues.md regression fixes M-2: orphan approval cleanup on reset/stop public/app.js finalizes pending approvals on reset and stop","invocations":1,"location":null,"numPassingAsserts":2,"retryReasons":[],"startAt":1782002780278,"status":"passed","title":"public/app.js finalizes pending approvals on reset and stop"},{"ancestorTitles":["known-issues.md regression fixes","M-1: retryable run_command guard"],"duration":1,"failing":false,"failureDetails":[],"failureMessages":[],"fullName":"known-issues.md regression fixes M-1: retryable run_command guard public/app.js sets retryable: true on nested-approval guard","invocations":1,"location":null,"numPassingAsserts":2,"retryReasons":[],"startAt":1782002780279,"status":"passed","title":"public/app.js sets retryable: true on nested-approval guard"},{"ancestorTitles":["known-issues.md regression fixes","L-1: api() in-flight counter is always released"],"duration":0,"failing":false,"failureDetails":[],"failureMessages":[],"fullName":"known-issues.md regression fixes L-1: api() in-flight counter is always released public/js/api.js decrements _activeRequests in a finally block","invocations":1,"location":null,"numPassingAsserts":3,"retryReasons":[],"startAt":1782002780280,"status":"passed","title":"public/js/api.js decrements _activeRequests in a finally block"}],"endTime":1782002780282,"message":"","name":"C:\\Users\\mibu0\\Documents\\develop\\one-min-ai-monaco-client\\tests\\known-issues-fixes.test.js","startTime":1782002779230,"status":"passed","summary":""},{"assertionResults":[{"ancestorTitles":["Agent Approval Flow","POST /sessions/:id/commands with approval required"],"duration":47,"failing":false,"failureDetails":[],"failureMessages":[],"fullName":"Agent Approval Flow POST /sessions/:id/commands with approval required returns requiresApproval with token when approval is needed","invocations":1,"location":null,"numPassingAsserts":7,"retryReasons":[],"startAt":1782002780149,"status":"passed","title":"returns requiresApproval with token when approval is needed"},{"ancestorTitles":["Agent Approval Flow","POST /sessions/:id/commands with approval required"],"duration":11,"failing":false,"failureDetails":[],"failureMessages":[],"fullName":"Agent Approval Flow POST /sessions/:id/commands with approval required returns 404 for invalid session ID","invocations":1,"location":null,"numPassingAsserts":2,"retryReasons":[],"startAt":1782002780197,"status":"passed","title":"returns 404 for invalid session ID"},{"ancestorTitles":["Agent Approval Flow","POST /sessions/:id/commands with approval required"],"duration":9,"failing":false,"failureDetails":[],"failureMessages":[],"fullName":"Agent Approval Flow POST /sessions/:id/commands with approval required returns 400 when command is missing","invocations":1,"location":null,"numPassingAsserts":2,"retryReasons":[],"startAt":1782002780208,"status":"passed","title":"returns 400 when command is missing"},{"ancestorTitles":["Agent Approval Flow","POST /sessions/:id/commands with approval required"],"duration":10,"failing":false,"failureDetails":[],"failureMessages":[],"fullName":"Agent Approval Flow POST /sessions/:id/commands with approval required returns 400 when command is blocked by safety check","invocations":1,"location":null,"numPassingAsserts":2,"retryReasons":[],"startAt":1782002780217,"status":"passed","title":"returns 400 when command is blocked by safety check"},{"ancestorTitles":["Agent Approval Flow","POST /sessions/:id/approve"],"duration":20,"failing":false,"failureDetails":[],"failureMessages":[],"fullName":"Agent Approval Flow POST /sessions/:id/approve executes an approved command and returns the result","invocations":1,"location":null,"numPassingAsserts":6,"retryReasons":[],"startAt":1782002780227,"status":"passed","title":"executes an approved command and returns the result"},{"ancestorTitles":["Agent Approval Flow","POST /sessions/:id/approve"],"duration":12,"failing":false,"failureDetails":[],"failureMessages":[],"fullName":"Agent Approval Flow POST /sessions/:id/approve returns 400 for invalid approval token","invocations":1,"location":null,"numPassingAsserts":3,"retryReasons":[],"startAt":1782002780247,"status":"passed","title":"returns 400 for invalid approval token"},{"ancestorTitles":["Agent Approval Flow","POST /sessions/:id/approve"],"duration":11,"failing":false,"failureDetails":[],"failureMessages":[],"fullName":"Agent Approval Flow POST /sessions/:id/approve returns 400 for missing approval token","invocations":1,"location":null,"numPassingAsserts":3,"retryReasons":[],"startAt":1782002780259,"status":"passed","title":"returns 400 for missing approval token"},{"ancestorTitles":["Agent Approval Flow","POST /sessions/:id/approve"],"duration":14,"failing":false,"failureDetails":[],"failureMessages":[],"fullName":"Agent Approval Flow POST /sessions/:id/approve returns 403 when session ID does not match the pending command","invocations":1,"location":null,"numPassingAsserts":3,"retryReasons":[],"startAt":1782002780270,"status":"passed","title":"returns 403 when session ID does not match the pending command"},{"ancestorTitles":["Agent Approval Flow","POST /sessions/:id/approve"],"duration":14,"failing":false,"failureDetails":[],"failureMessages":[],"fullName":"Agent Approval Flow POST /sessions/:id/approve re-executes safety check before approving","invocations":1,"location":null,"numPassingAsserts":2,"retryReasons":[],"startAt":1782002780284,"status":"passed","title":"re-executes safety check before approving"}],"endTime":1782002780299,"message":"","name":"C:\\Users\\mibu0\\Documents\\develop\\one-min-ai-monaco-client\\tests\\agent-approval.test.js","startTime":1782002779193,"status":"passed","summary":""},{"assertionResults":[{"ancestorTitles":["AI Routes Integration Tests","GET /api/models"],"duration":39,"failing":false,"failureDetails":[],"failureMessages":[],"fullName":"AI Routes Integration Tests GET /api/models should return available models lists","invocations":1,"location":null,"numPassingAsserts":4,"retryReasons":[],"startAt":1782002780155,"status":"passed","title":"should return available models lists"},{"ancestorTitles":["AI Routes Integration Tests","POST /api/chat"],"duration":19,"failing":false,"failureDetails":[],"failureMessages":[],"fullName":"AI Routes Integration Tests POST /api/chat should call callOneMin and return chat response data","invocations":1,"location":null,"numPassingAsserts":3,"retryReasons":[],"startAt":1782002780194,"status":"passed","title":"should call callOneMin and return chat response data"},{"ancestorTitles":["AI Routes Integration Tests","POST /api/chat"],"duration":6,"failing":false,"failureDetails":[],"failureMessages":[],"fullName":"AI Routes Integration Tests POST /api/chat should return 400 if prompt is missing or empty","invocations":1,"location":null,"numPassingAsserts":2,"retryReasons":[],"startAt":1782002780214,"status":"passed","title":"should return 400 if prompt is missing or empty"},{"ancestorTitles":["AI Routes Integration Tests","POST /api/images/generate"],"duration":7,"failing":false,"failureDetails":[],"failureMessages":[],"fullName":"AI Routes Integration Tests POST /api/images/generate should return generated image response","invocations":1,"location":null,"numPassingAsserts":3,"retryReasons":[],"startAt":1782002780220,"status":"passed","title":"should return generated image response"},{"ancestorTitles":["AI Routes Integration Tests","POST /api/images/generate"],"duration":6,"failing":false,"failureDetails":[],"failureMessages":[],"fullName":"AI Routes Integration Tests POST /api/images/generate should return 400 if image prompt is missing","invocations":1,"location":null,"numPassingAsserts":2,"retryReasons":[],"startAt":1782002780227,"status":"passed","title":"should return 400 if image prompt is missing"},{"ancestorTitles":["AI Routes Integration Tests","POST /api/code/generate"],"duration":6,"failing":false,"failureDetails":[],"failureMessages":[],"fullName":"AI Routes Integration Tests POST /api/code/generate should return generated code response","invocations":1,"location":null,"numPassingAsserts":5,"retryReasons":[],"startAt":1782002780233,"status":"passed","title":"should return generated code response"},{"ancestorTitles":["AI Routes Integration Tests","POST /api/code/generate"],"duration":5,"failing":false,"failureDetails":[],"failureMessages":[],"fullName":"AI Routes Integration Tests POST /api/code/generate should return 400 if instruction is missing","invocations":1,"location":null,"numPassingAsserts":2,"retryReasons":[],"startAt":1782002780239,"status":"passed","title":"should return 400 if instruction is missing"},{"ancestorTitles":["AI Routes Integration Tests","POST /api/assets/upload"],"duration":12,"failing":false,"failureDetails":[],"failureMessages":[],"fullName":"AI Routes Integration Tests POST /api/assets/upload should not return raw upstream payload","invocations":1,"location":null,"numPassingAsserts":3,"retryReasons":[],"startAt":1782002780244,"status":"passed","title":"should not return raw upstream payload"},{"ancestorTitles":["AI Routes Integration Tests","POST /api/code/autocomplete"],"duration":8,"failing":false,"failureDetails":[],"failureMessages":[],"fullName":"AI Routes Integration Tests POST /api/code/autocomplete should return suggestion code","invocations":1,"location":null,"numPassingAsserts":3,"retryReasons":[],"startAt":1782002780256,"status":"passed","title":"should return suggestion code"},{"ancestorTitles":["AI Routes Integration Tests","POST /api/images/text-editor"],"duration":5,"failing":false,"failureDetails":[],"failureMessages":[],"fullName":"AI Routes Integration Tests POST /api/images/text-editor should return edited image response","invocations":1,"location":null,"numPassingAsserts":2,"retryReasons":[],"startAt":1782002780265,"status":"passed","title":"should return edited image response"},{"ancestorTitles":["AI Routes Integration Tests","POST /api/images/text-editor"],"duration":4,"failing":false,"failureDetails":[],"failureMessages":[],"fullName":"AI Routes Integration Tests POST /api/images/text-editor should return 400 if imageUrl is missing","invocations":1,"location":null,"numPassingAsserts":2,"retryReasons":[],"startAt":1782002780270,"status":"passed","title":"should return 400 if imageUrl is missing"},{"ancestorTitles":["AI Routes Integration Tests","POST /api/images/text-editor"],"duration":4,"failing":false,"failureDetails":[],"failureMessages":[],"fullName":"AI Routes Integration Tests POST /api/images/text-editor should return 400 if WxH size is malformed for gpt-image","invocations":1,"location":null,"numPassingAsserts":2,"retryReasons":[],"startAt":1782002780274,"status":"passed","title":"should return 400 if WxH size is malformed for gpt-image"},{"ancestorTitles":["AI Routes Integration Tests","POST /api/agent/chat"],"duration":4,"failing":false,"failureDetails":[],"failureMessages":[],"fullName":"AI Routes Integration Tests POST /api/agent/chat should accept prompt string and return agent response","invocations":1,"location":null,"numPassingAsserts":5,"retryReasons":[],"startAt":1782002780278,"status":"passed","title":"should accept prompt string and return agent response"},{"ancestorTitles":["AI Routes Integration Tests","POST /api/agent/chat"],"duration":4,"failing":false,"failureDetails":[],"failureMessages":[],"fullName":"AI Routes Integration Tests POST /api/agent/chat should accept messages array and flatten into prompt","invocations":1,"location":null,"numPassingAsserts":6,"retryReasons":[],"startAt":1782002780282,"status":"passed","title":"should accept messages array and flatten into prompt"},{"ancestorTitles":["AI Routes Integration Tests","POST /api/agent/chat"],"duration":4,"failing":false,"failureDetails":[],"failureMessages":[],"fullName":"AI Routes Integration Tests POST /api/agent/chat should return 400 when both prompt and messages are missing","invocations":1,"location":null,"numPassingAsserts":2,"retryReasons":[],"startAt":1782002780286,"status":"passed","title":"should return 400 when both prompt and messages are missing"},{"ancestorTitles":["AI Routes Integration Tests","POST /api/agent/chat"],"duration":4,"failing":false,"failureDetails":[],"failureMessages":[],"fullName":"AI Routes Integration Tests POST /api/agent/chat should return 400 when messages is an empty array","invocations":1,"location":null,"numPassingAsserts":2,"retryReasons":[],"startAt":1782002780290,"status":"passed","title":"should return 400 when messages is an empty array"},{"ancestorTitles":["AI Routes Integration Tests","GET /api/assets/proxy"],"duration":6,"failing":false,"failureDetails":[],"failureMessages":[],"fullName":"AI Routes Integration Tests GET /api/assets/proxy should proxy asset from 1min.ai and return it","invocations":1,"location":null,"numPassingAsserts":4,"retryReasons":[],"startAt":1782002780294,"status":"passed","title":"should proxy asset from 1min.ai and return it"},{"ancestorTitles":["AI Routes Integration Tests","GET /api/assets/proxy"],"duration":3,"failing":false,"failureDetails":[],"failureMessages":[],"fullName":"AI Routes Integration Tests GET /api/assets/proxy should reject untrusted hosts","invocations":1,"location":null,"numPassingAsserts":2,"retryReasons":[],"startAt":1782002780300,"status":"passed","title":"should reject untrusted hosts"},{"ancestorTitles":["AI Routes Integration Tests","GET /api/assets/proxy"],"duration":4,"failing":false,"failureDetails":[],"failureMessages":[],"fullName":"AI Routes Integration Tests GET /api/assets/proxy should reject untrusted Amazon S3 hosts","invocations":1,"location":null,"numPassingAsserts":2,"retryReasons":[],"startAt":1782002780303,"status":"passed","title":"should reject untrusted Amazon S3 hosts"}],"endTime":1782002780308,"message":"","name":"C:\\Users\\mibu0\\Documents\\develop\\one-min-ai-monaco-client\\tests\\routes.test.js","startTime":1782002779193,"status":"passed","summary":""},{"assertionResults":[{"ancestorTitles":["Server Factory","GET /api/health"],"duration":26,"failing":false,"failureDetails":[],"failureMessages":[],"fullName":"Server Factory GET /api/health should return 200 with health status","invocations":1,"location":null,"numPassingAsserts":6,"retryReasons":[],"startAt":1782002780154,"status":"passed","title":"should return 200 with health status"},{"ancestorTitles":["Server Factory","GET /api/health"],"duration":4,"failing":false,"failureDetails":[],"failureMessages":[],"fullName":"Server Factory GET /api/health should return 200 even when API key is missing","invocations":1,"location":null,"numPassingAsserts":3,"retryReasons":[],"startAt":1782002780180,"status":"passed","title":"should return 200 even when API key is missing"},{"ancestorTitles":["Server Factory","local BFF auth"],"duration":23,"failing":false,"failureDetails":[],"failureMessages":[],"fullName":"Server Factory local BFF auth should require local auth for fs routes by default","invocations":1,"location":null,"numPassingAsserts":2,"retryReasons":[],"startAt":1782002780184,"status":"passed","title":"should require local auth for fs routes by default"},{"ancestorTitles":["Server Factory","local BFF auth"],"duration":18,"failing":false,"failureDetails":[],"failureMessages":[],"fullName":"Server Factory local BFF auth should require local auth for AI routes","invocations":1,"location":null,"numPassingAsserts":2,"retryReasons":[],"startAt":1782002780207,"status":"passed","title":"should require local auth for AI routes"},{"ancestorTitles":["Server Factory","local BFF auth"],"duration":8,"failing":false,"failureDetails":[],"failureMessages":[],"fullName":"Server Factory local BFF auth should accept valid local auth token + same-origin cookie + matching origin","invocations":1,"location":null,"numPassingAsserts":1,"retryReasons":[],"startAt":1782002780225,"status":"passed","title":"should accept valid local auth token + same-origin cookie + matching origin"},{"ancestorTitles":["Server Factory","local BFF auth"],"duration":5,"failing":false,"failureDetails":[],"failureMessages":[],"fullName":"Server Factory local BFF auth should accept valid local auth token with full credentials","invocations":1,"location":null,"numPassingAsserts":2,"retryReasons":[],"startAt":1782002780234,"status":"passed","title":"should accept valid local auth token with full credentials"},{"ancestorTitles":["Server Factory","local BFF auth"],"duration":5,"failing":false,"failureDetails":[],"failureMessages":[],"fullName":"Server Factory local BFF auth should reject requests with only sec-fetch-site and no token","invocations":1,"location":null,"numPassingAsserts":1,"retryReasons":[],"startAt":1782002780239,"status":"passed","title":"should reject requests with only sec-fetch-site and no token"},{"ancestorTitles":["Server Factory","local BFF auth"],"duration":10,"failing":false,"failureDetails":[],"failureMessages":[],"fullName":"Server Factory local BFF auth should reject requests with a non-local Origin","invocations":1,"location":null,"numPassingAsserts":1,"retryReasons":[],"startAt":1782002780244,"status":"passed","title":"should reject requests with a non-local Origin"},{"ancestorTitles":["Server Factory","local BFF auth"],"duration":4,"failing":false,"failureDetails":[],"failureMessages":[],"fullName":"Server Factory local BFF auth should accept trusted local Origin + token + same-origin cookie","invocations":1,"location":null,"numPassingAsserts":1,"retryReasons":[],"startAt":1782002780254,"status":"passed","title":"should accept trusted local Origin + token + same-origin cookie"},{"ancestorTitles":["Server Factory","GET /api/models"],"duration":4,"failing":false,"failureDetails":[],"failureMessages":[],"fullName":"Server Factory GET /api/models should return available models lists","invocations":1,"location":null,"numPassingAsserts":4,"retryReasons":[],"startAt":1782002780259,"status":"passed","title":"should return available models lists"},{"ancestorTitles":["Server Factory","GET /api/fs/read"],"duration":9,"failing":false,"failureDetails":[],"failureMessages":[],"fullName":"Server Factory GET /api/fs/read should allow reading non-secret project source files","invocations":1,"location":null,"numPassingAsserts":2,"retryReasons":[],"startAt":1782002780263,"status":"passed","title":"should allow reading non-secret project source files"},{"ancestorTitles":["Server Factory","GET /api/fs/read"],"duration":6,"failing":false,"failureDetails":[],"failureMessages":[],"fullName":"Server Factory GET /api/fs/read should block reading protected secret files","invocations":1,"location":null,"numPassingAsserts":1,"retryReasons":[],"startAt":1782002780272,"status":"passed","title":"should block reading protected secret files"},{"ancestorTitles":["Server Factory","POST /api/chat"],"duration":5,"failing":false,"failureDetails":[],"failureMessages":[],"fullName":"Server Factory POST /api/chat should call callOneMin and return chat response data","invocations":1,"location":null,"numPassingAsserts":2,"retryReasons":[],"startAt":1782002780278,"status":"passed","title":"should call callOneMin and return chat response data"},{"ancestorTitles":["Server Factory","Configuration"],"duration":1,"failing":false,"failureDetails":[],"failureMessages":[],"fullName":"Server Factory Configuration should have default values for server config","invocations":1,"location":null,"numPassingAsserts":4,"retryReasons":[],"startAt":1782002780283,"status":"passed","title":"should have default values for server config"},{"ancestorTitles":["Server Factory","Static file serving"],"duration":6,"failing":false,"failureDetails":[],"failureMessages":[],"fullName":"Server Factory Static file serving should set X-Content-Type-Options nosniff for .js files","invocations":1,"location":null,"numPassingAsserts":1,"retryReasons":[],"startAt":1782002780284,"status":"passed","title":"should set X-Content-Type-Options nosniff for .js files"},{"ancestorTitles":["Server Factory","GET /api/health (detailed)"],"duration":3,"failing":false,"failureDetails":[],"failureMessages":[],"fullName":"Server Factory GET /api/health (detailed) should return ok:true with service name","invocations":1,"location":null,"numPassingAsserts":3,"retryReasons":[],"startAt":1782002780290,"status":"passed","title":"should return ok:true with service name"},{"ancestorTitles":["Server Factory","GET /api/health (detailed)"],"duration":3,"failing":false,"failureDetails":[],"failureMessages":[],"fullName":"Server Factory GET /api/health (detailed) should not expose any secrets or API keys","invocations":1,"location":null,"numPassingAsserts":3,"retryReasons":[],"startAt":1782002780293,"status":"passed","title":"should not expose any secrets or API keys"},{"ancestorTitles":["Server Factory","Asset upload error handling"]
[...]
uccessfully reads file inside agent workspace","invocations":1,"location":null,"numPassingAsserts":2,"retryReasons":[],"startAt":1782002780297,"status":"passed","title":"successfully reads file inside agent workspace"},{"ancestorTitles":["Security fixes regression","Agent files symlink revalidation"],"duration":5,"failing":false,"failureDetails":[],"failureMessages":[],"fullName":"Security fixes regression Agent files symlink revalidation rejects agent reading symlink pointing outside allowed roots","invocations":1,"location":null,"numPassingAsserts":2,"retryReasons":[],"startAt":1782002780303,"status":"passed","title":"rejects agent reading symlink pointing outside allowed roots"}],"endTime":1782002780311,"message":"","name":"C:\\Users\\mibu0\\Documents\\develop\\one-min-ai-monaco-client\\tests\\security-fixes.test.js","startTime":1782002779221,"status":"passed","summary":""},{"assertionResults":[{"ancestorTitles":["FS Routes","GET /api/fs/config"],"duration":34,"failing":false,"failureDetails":[],"failureMessages":[],"fullName":"FS Routes GET /api/fs/config returns root and allowedRoots","invocations":1,"location":null,"numPassingAsserts":4,"retryReasons":[],"startAt":1782002780153,"status":"passed","title":"returns root and allowedRoots"},{"ancestorTitles":["FS Routes","GET /api/fs/roots"],"duration":7,"failing":false,"failureDetails":[],"failureMessages":[],"fullName":"FS Routes GET /api/fs/roots returns roots array","invocations":1,"location":null,"numPassingAsserts":3,"retryReasons":[],"startAt":1782002780188,"status":"passed","title":"returns roots array"},{"ancestorTitles":["FS Routes","GET /api/fs/list"],"duration":11,"failing":false,"failureDetails":[],"failureMessages":[],"fullName":"FS Routes GET /api/fs/list lists directory contents","invocations":1,"location":null,"numPassingAsserts":3,"retryReasons":[],"startAt":1782002780195,"status":"passed","title":"lists directory contents"},{"ancestorTitles":["FS Routes","GET /api/fs/list"],"duration":6,"failing":false,"failureDetails":[],"failureMessages":[],"fullName":"FS Routes GET /api/fs/list defaults to root when no dir specified","invocations":1,"location":null,"numPassingAsserts":2,"retryReasons":[],"startAt":1782002780206,"status":"passed","title":"defaults to root when no dir specified"},{"ancestorTitles":["FS Routes","POST /api/fs/write + GET /api/fs/read"],"duration":28,"failing":false,"failureDetails":[],"failureMessages":[],"fullName":"FS Routes POST /api/fs/write + GET /api/fs/read writes and reads back a file","invocations":1,"location":null,"numPassingAsserts":4,"retryReasons":[],"startAt":1782002780212,"status":"passed","title":"writes and reads back a file"},{"ancestorTitles":["FS Routes","POST /api/fs/write + GET /api/fs/read"],"duration":5,"failing":false,"failureDetails":[],"failureMessages":[],"fullName":"FS Routes POST /api/fs/write + GET /api/fs/read read rejects missing path","invocations":1,"location":null,"numPassingAsserts":1,"retryReasons":[],"startAt":1782002780241,"status":"passed","title":"read rejects missing path"},{"ancestorTitles":["FS Routes","POST /api/fs/write + GET /api/fs/read"],"duration":5,"failing":false,"failureDetails":[],"failureMessages":[],"fullName":"FS Routes POST /api/fs/write + GET /api/fs/read write rejects missing path","invocations":1,"location":null,"numPassingAsserts":1,"retryReasons":[],"startAt":1782002780246,"status":"passed","title":"write rejects missing path"},{"ancestorTitles":["FS Routes","POST /api/fs/write + GET /api/fs/read"],"duration":5,"failing":false,"failureDetails":[],"failureMessages":[],"fullName":"FS Routes POST /api/fs/write + GET /api/fs/read write rejects missing content","invocations":1,"location":null,"numPassingAsserts":1,"retryReasons":[],"startAt":1782002780251,"status":"passed","title":"write rejects missing content"},{"ancestorTitles":["FS Routes","POST /api/fs/create"],"duration":12,"failing":false,"failureDetails":[],"failureMessages":[],"fullName":"FS Routes POST /api/fs/create creates a file with content","invocations":1,"location":null,"numPassingAsserts":3,"retryReasons":[],"startAt":1782002780256,"status":"passed","title":"creates a file with content"},{"ancestorTitles":["FS Routes","POST /api/fs/create"],"duration":9,"failing":false,"failureDetails":[],"failureMessages":[],"fullName":"FS Routes POST /api/fs/create creates a directory","invocations":1,"location":null,"numPassingAsserts":3,"retryReasons":[],"startAt":1782002780268,"status":"passed","title":"creates a directory"},{"ancestorTitles":["FS Routes","POST /api/fs/delete"],"duration":9,"failing":false,"failureDetails":[],"failureMessages":[],"fullName":"FS Routes POST /api/fs/delete deletes a file","invocations":1,"location":null,"numPassingAsserts":3,"retryReasons":[],"startAt":1782002780277,"status":"passed","title":"deletes a file"},{"ancestorTitles":["FS Routes","POST /api/fs/delete"],"duration":4,"failing":false,"failureDetails":[],"failureMessages":[],"fullName":"FS Routes POST /api/fs/delete rejects missing path","invocations":1,"location":null,"numPassingAsserts":1,"retryReasons":[],"startAt":1782002780286,"status":"passed","title":"rejects missing path"},{"ancestorTitles":["FS Routes","POST /api/fs/rename"],"duration":10,"failing":false,"failureDetails":[],"failureMessages":[],"fullName":"FS Routes POST /api/fs/rename renames a file","invocations":1,"location":null,"numPassingAsserts":4,"retryReasons":[],"startAt":1782002780291,"status":"passed","title":"renames a file"},{"ancestorTitles":["FS Routes","POST /api/fs/rename"],"duration":4,"failing":false,"failureDetails":[],"failureMessages":[],"fullName":"FS Routes POST /api/fs/rename rejects missing parameters","invocations":1,"location":null,"numPassingAsserts":1,"retryReasons":[],"startAt":1782002780301,"status":"passed","title":"rejects missing parameters"},{"ancestorTitles":["FS Routes","Protection checks"],"duration":7,"failing":false,"failureDetails":[],"failureMessages":[],"fullName":"FS Routes Protection checks read blocks protected .env path","invocations":1,"location":null,"numPassingAsserts":1,"retryReasons":[],"startAt":1782002780305,"status":"passed","title":"read blocks protected .env path"},{"ancestorTitles":["FS Routes","Protection checks"],"duration":5,"failing":false,"failureDetails":[],"failureMessages":[],"fullName":"FS Routes Protection checks write blocks protected server.js path","invocations":1,"location":null,"numPassingAsserts":1,"retryReasons":[],"startAt":1782002780313,"status":"passed","title":"write blocks protected server.js path"},{"ancestorTitles":["FS Routes","Protection checks"],"duration":4,"failing":false,"failureDetails":[],"failureMessages":[],"fullName":"FS Routes Protection checks delete blocks protected package.json path","invocations":1,"location":null,"numPassingAsserts":1,"retryReasons":[],"startAt":1782002780318,"status":"passed","title":"delete blocks protected package.json path"},{"ancestorTitles":["FS Routes","Protection checks"],"duration":6,"failing":false,"failureDetails":[],"failureMessages":[],"fullName":"FS Routes Protection checks rename blocks protected utils/ path","invocations":1,"location":null,"numPassingAsserts":1,"retryReasons":[],"startAt":1782002780322,"status":"passed","title":"rename blocks protected utils/ path"},{"ancestorTitles":["FS Routes","Protection checks"],"duration":6,"failing":false,"failureDetails":[],"failureMessages":[],"fullName":"FS Routes Protection checks read blocks binary files","invocations":1,"location":null,"numPassingAsserts":1,"retryReasons":[],"startAt":1782002780328,"status":"passed","title":"read blocks binary files"}],"endTime":1782002780334,"message":"","name":"C:\\Users\\mibu0\\Documents\\develop\\one-min-ai-monaco-client\\tests\\fs-routes.test.js","startTime":1782002779186,"status":"passed","summary":""},{"assertionResults":[{"ancestorTitles":["Agent Directory and Patch Routes","GET /api/agent/sessions/:id/dir"],"duration":58,"failing":false,"failureDetails":[],"failureMessages":[],"fullName":"Agent Directory and Patch Routes GET /api/agent/sessions/:id/dir should list contents of the directory","invocations":1,"location":null,"numPassingAsserts":5,"retryReasons":[],"startAt":1782002780127,"status":"passed","title":"should list contents of the directory"},{"ancestorTitles":["Agent Directory and Patch Routes","GET /api/agent/sessions/:id/dir"],"duration":9,"failing":false,"failureDetails":[],"failureMessages":[],"fullName":"Agent Directory and Patch Routes GET /api/agent/sessions/:id/dir should return 404 for invalid session","invocations":1,"location":null,"numPassingAsserts":2,"retryReasons":[],"startAt":1782002780186,"status":"passed","title":"should return 404 for invalid session"},{"ancestorTitles":["Agent Directory and Patch Routes","GET /api/agent/sessions/:id/dir"],"duration":12,"failing":false,"failureDetails":[],"failureMessages":[],"fullName":"Agent Directory and Patch Routes GET /api/agent/sessions/:id/dir should return 403 for protected path","invocations":1,"location":null,"numPassingAsserts":1,"retryReasons":[],"startAt":1782002780195,"status":"passed","title":"should return 403 for protected path"},{"ancestorTitles":["Agent Directory and Patch Routes","POST /api/agent/sessions/:id/diff"],"duration":16,"failing":false,"failureDetails":[],"failureMessages":[],"fullName":"Agent Directory and Patch Routes POST /api/agent/sessions/:id/diff should apply diff with search-and-replace block","invocations":1,"location":null,"numPassingAsserts":5,"retryReasons":[],"startAt":1782002780207,"status":"passed","title":"should apply diff with search-and-replace block"},{"ancestorTitles":["Agent Directory and Patch Routes","POST /api/agent/sessions/:id/diff"],"duration":14,"failing":false,"failureDetails":[],"failureMessages":[],"fullName":"Agent Directory and Patch Routes POST /api/agent/sessions/:id/diff should apply multi-block diff successfully","invocations":1,"location":null,"numPassingAsserts":7,"retryReasons":[],"startAt":1782002780223,"status":"passed","title":"should apply multi-block diff successfully"},{"ancestorTitles":["Agent Directory and Patch Routes","POST /api/agent/sessions/:id/diff"],"duration":15,"failing":false,"failureDetails":[],"failureMessages":[],"fullName":"Agent Directory and Patch Routes POST /api/agent/sessions/:id/diff should apply diff even if leading indentation of search block is mismatched","invocations":1,"location":null,"numPassingAsserts":5,"retryReasons":[],"startAt":1782002780237,"status":"passed","title":"should apply diff even if leading indentation of search block is mismatched"},{"ancestorTitles":["Agent Directory and Patch Routes","POST /api/agent/sessions/:id/diff"],"duration":11,"failing":false,"failureDetails":[],"failureMessages":[],"fullName":"Agent Directory and Patch Routes POST /api/agent/sessions/:id/diff should return 400 if search block not found","invocations":1,"location":null,"numPassingAsserts":2,"retryReasons":[],"startAt":1782002780252,"status":"passed","title":"should return 400 if search block not found"},{"ancestorTitles":["Agent Directory and Patch Routes","POST /api/agent/sessions/:id/diff"],"duration":11,"failing":false,"failureDetails":[],"failureMessages":[],"fullName":"Agent Directory and Patch Routes POST /api/agent/sessions/:id/diff should return 400 if search block has multiple matches","invocations":1,"location":null,"numPassingAsserts":2,"retryReasons":[],"startAt":1782002780263,"status":"passed","title":"should return 400 if search block has multiple matches"},{"ancestorTitles":["Agent Directory and Patch Routes","POST /api/agent/sessions/:id/diff"],"duration":9,"failing":false,"failureDetails":[],"failureMessages":[],"fullName":"Agent Directory and Patch Routes POST /api/agent/sessions/:id/diff should return 400 if no valid SEARCH/REPLACE blocks found","invocations":1,"location":null,"numPassingAsserts":2,"retryReasons":[],"startAt":1782002780274,"status":"passed","title":"should return 400 if no valid SEARCH/REPLACE blocks found"},{"ancestorTitles":["Agent Directory and Patch Routes","GET /api/agent/sessions/:id/search"],"duration":231,"failing":false,"failureDetails":[],"failureMessages":[],"fullName":"Agent Directory and Patch Routes GET /api/agent/sessions/:id/search should find query in test file","invocations":1,"location":null,"numPassingAsserts":7,"retryReasons":[],"startAt":1782002780284,"status":"passed","title":"should find query in test file"},{"ancestorTitles":["Agent Directory and Patch Routes","GET /api/agent/sessions/:id/search"],"duration":5,"failing":false,"failureDetails":[],"failureMessages":[],"fullName":"Agent Directory and Patch Routes GET /api/agent/sessions/:id/search should return 400 for missing query","invocations":1,"location":null,"numPassingAsserts":2,"retryReasons":[],"startAt":1782002780516,"status":"passed","title":"should return 400 for missing query"},{"ancestorTitles":["Agent Directory and Patch Routes","GET /api/agent/sessions/:id/search"],"duration":5,"failing":false,"failureDetails":[],"failureMessages":[],"fullName":"Agent Directory and Patch Routes GET /api/agent/sessions/:id/search should return 403 for protected search directory","invocations":1,"location":null,"numPassingAsserts":1,"retryReasons":[],"startAt":1782002780521,"status":"passed","title":"should return 403 for protected search directory"}],"endTime":1782002780527,"message":"","name":"C:\\Users\\mibu0\\Documents\\develop\\one-min-ai-monaco-client\\tests\\agent-routes.test.js","startTime":1782002779204,"status":"passed","summary":""},{"assertionResults":[{"ancestorTitles":["command-runner","checkCommandSafety"],"duration":29,"failing":false,"failureDetails":[],"failureMessages":[],"fullName":"command-runner checkCommandSafety should allow safe commands","invocations":1,"location":null,"numPassingAsserts":5,"retryReasons":[],"startAt":1782002779706,"status":"passed","title":"should allow safe commands"},{"ancestorTitles":["command-runner","checkCommandSafety"],"duration":1,"failing":false,"failureDetails":[],"failureMessages":[],"fullName":"command-runner checkCommandSafety should block rm -rf /","invocations":1,"location":null,"numPassingAsserts":2,"retryReasons":[],"startAt":1782002779735,"status":"passed","title":"should block rm -rf /"},{"ancestorTitles":["command-runner","checkCommandSafety"],"duration":0,"failing":false,"failureDetails":[],"failureMessages":[],"fullName":"command-runner checkCommandSafety should block sudo commands","invocations":1,"location":null,"numPassingAsserts":1,"retryReasons":[],"startAt":1782002779736,"status":"passed","title":"should block sudo commands"},{"ancestorTitles":["command-runner","checkCommandSafety"],"duration":0,"failing":false,"failureDetails":[],"failureMessages":[],"fullName":"command-runner checkCommandSafety should block curl pipe to bash","invocations":1,"location":null,"numPassingAsserts":1,"retryReasons":[],"startAt":1782002779736,"status":"passed","title":"should block curl pipe to bash"},{"ancestorTitles":["command-runner","checkCommandSafety"],"duration":0,"failing":false,"failureDetails":[],"failureMessages":[],"fullName":"command-runner checkCommandSafety should block wget pipe to sh","invocations":1,"location":null,"numPassingAsserts":1,"retryReasons":[],"startAt":1782002779737,"status":"passed","title":"should block wget pipe to sh"},{"ancestorTitles":["command-runner","checkCommandSafety"],"duration":0,"failing":false,"failureDetails":[],"failureMessages":[],"fullName":"command-runner checkCommandSafety should block shell metacharacters","invocations":1,"location":null,"numPassingAsserts":3,"retryReasons":[],"startAt":1782002779737,"status":"passed","title":"should block shell metacharacters"},{"ancestorTitles":["command-runner","checkCommandSafety"],"duration":1,"failing":false,"failureDetails":[],"failureMessages":[],"fullName":"command-runner checkCommandSafety should block direct script execution flags","invocations":1,"location":null,"numPassingAsserts":2,"retryReasons":[],"startAt":1782002779737,"status":"passed","title":"should block direct script execution flags"},{"ancestorTitles":["command-runner","checkCommandSafety"],"duration":0,"failing":false,"failureDetails":[],"failureMessages":[],"fullName":"command-runner checkCommandSafety should allow quoted arguments without shell metacharacters","invocations":1,"location":null,"numPassingAsserts":1,"retryReasons":[],"startAt":1782002779738,"status":"passed","title":"should allow quoted arguments without shell metacharacters"},{"ancestorTitles":["command-runner","checkCommandSafety"],"duration":1,"failing":false,"failureDetails":[],"failureMessages":[],"fullName":"command-runner checkCommandSafety should block format command","invocations":1,"location":null,"numPassingAsserts":1,"retryReasons":[],"startAt":1782002779738,"status":"passed","title":"should block format command"},{"ancestorTitles":["command-runner","checkCommandSafety"],"duration":0,"failing":false,"failureDetails":[],"failureMessages":[],"fullName":"command-runner checkCommandSafety should block empty command","invocations":1,"location":null,"numPassingAsserts":1,"retryReasons":[],"startAt":1782002779739,"status":"passed","title":"should block empty command"},{"ancestorTitles":["command-runner","checkCommandSafety"],"duration":0,"failing":false,"failureDetails":[],"failureMessages":[],"fullName":"command-runner checkCommandSafety should block null command","invocations":1,"location":null,"numPassingAsserts":1,"retryReasons":[],"startAt":1782002779739,"status":"passed","title":"should block null command"},{"ancestorTitles":["command-runner","checkCommandSafety"],"duration":0,"failing":false,"failureDetails":[],"failureMessages":[],"fullName":"command-runner checkCommandSafety should block undefined command","invocations":1,"location":null,"numPassingAsserts":1,"retryReasons":[],"startAt":1782002779739,"status":"passed","title":"should block undefined command"},{"ancestorTitles":["command-runner","executeCommand"],"duration":99,"failing":false,"failureDetails":[],"failureMessages":[],"fullName":"command-runner executeCommand should execute simple echo command","invocations":1,"location":null,"numPassingAsserts":3,"retryReasons":[],"startAt":1782002779739,"status":"passed","title":"should execute simple echo command"},{"ancestorTitles":["command-runner","executeCommand"],"duration":51,"failing":false,"failureDetails":[],"failureMessages":[],"fullName":"command-runner executeCommand should capture stderr via a failing command","invocations":1,"location":null,"numPassingAsserts":2,"retryReasons":[],"startAt":1782002779838,"status":"passed","title":"should capture stderr via a failing command"},{"ancestorTitles":["command-runner","executeCommand"],"duration":1013,"failing":false,"failureDetails":[],"failureMessages":[],"fullName":"command-runner executeCommand should handle command timeout","invocations":1,"location":null,"numPassingAsserts":1,"retryReasons":[],"startAt":1782002779889,"status":"passed","title":"should handle command timeout"},{"ancestorTitles":["command-runner","executeCommand"],"duration":2,"failing":false,"failureDetails":[],"failureMessages":[],"fullName":"command-runner executeCommand should block dangerous commands","invocations":1,"location":null,"numPassingAsserts":1,"retryReasons":[],"startAt":1782002780902,"status":"passed","title":"should block dangerous commands"},{"ancestorTitles":["command-runner","executeCommand"],"duration":0,"failing":false,"failureDetails":[],"failureMessages":[],"fullName":"command-runner executeCommand should return non-zero exit code for failing command","invocations":1,"location":null,"numPassingAsserts":1,"retryReasons":[],"startAt":1782002780904,"status":"passed","title":"should return non-zero exit code for failing command"}],"endTime":1782002780905,"message":"","name":"C:\\Users\\mibu0\\Documents\\develop\\one-min-ai-monaco-client\\tests\\command-runner.test.js","startTime":1782002779228,"status":"passed","summary":""}],"wasInterrupted":false}
