{"numFailedTestSuites":4,"numFailedTests":6,"numPassedTestSuites":15,"numPassedTests":310,"numPendingTestSuites":0,"numPendingTests":0,"numRuntimeErrorTestSuites":0,"numTodoTests":0,"numTotalTestSuites":19,"numTotalTests":316,"openHandles":[],"snapshot":{"added":0,"didUpdate":false,"failure":false,"filesAdded":0,"filesRemoved":0,"filesRemovedList":[],"filesUnmatched":0,"filesUpdated":0,"matched":0,"total":0,"unchecked":0,"uncheckedKeysByFile":[],"unmatched":0,"updated":0},"startTime":1782912110292,"success":false,"testResults":[{"assertionResults":[{"ancestorTitles":["escapeHtml"],"duration":4,"failing":false,"failureDetails":[],"failureMessages":[],"fullName":"escapeHtml escapes all dangerous characters","invocations":1,"location":null,"numPassingAsserts":1,"retryReasons":[],"startAt":1782912110930,"status":"passed","title":"escapes all dangerous characters"},{"ancestorTitles":["escapeHtml"],"duration":1,"failing":false,"failureDetails":[],"failureMessages":[],"fullName":"escapeHtml returns empty string for non-string input","invocations":1,"location":null,"numPassingAsserts":3,"retryReasons":[],"startAt":1782912110934,"status":"passed","title":"returns empty string for non-string input"},{"ancestorTitles":["formatMarkdownLike"],"duration":1,"failing":false,"failureDetails":[],"failureMessages":[],"fullName":"formatMarkdownLike wraps inline code and bold","invocations":1,"location":null,"numPassingAsserts":2,"retryReasons":[],"startAt":1782912110935,"status":"passed","title":"wraps inline code and bold"},{"ancestorTitles":["formatMarkdownLike"],"duration":0,"failing":false,"failureDetails":[],"failureMessages":[],"fullName":"formatMarkdownLike html-escapes raw markup so it cannot inject","invocations":1,"location":null,"numPassingAsserts":2,"retryReasons":[],"startAt":1782912110936,"status":"passed","title":"html-escapes raw markup so it cannot inject"},{"ancestorTitles":["stripMarkdownCodeBlock"],"duration":1,"failing":false,"failureDetails":[],"failureMessages":[],"fullName":"stripMarkdownCodeBlock strips a single fenced block","invocations":1,"location":null,"numPassingAsserts":1,"retryReasons":[],"startAt":1782912110936,"status":"passed","title":"strips a single fenced block"},{"ancestorTitles":["stripMarkdownCodeBlock"],"duration":0,"failing":false,"failureDetails":[],"failureMessages":[],"fullName":"stripMarkdownCodeBlock returns the original text when not fenced","invocations":1,"location":null,"numPassingAsserts":1,"retryReasons":[],"startAt":1782912110937,"status":"passed","title":"returns the original text when not fenced"},{"ancestorTitles":["unescapeXmlText"],"duration":0,"failing":false,"failureDetails":[],"failureMessages":[],"fullName":"unescapeXmlText reverses the five XML entities","invocations":1,"location":null,"numPassingAsserts":1,"retryReasons":[],"startAt":1782912110937,"status":"passed","title":"reverses the five XML entities"},{"ancestorTitles":["parseXMLTags"],"duration":2,"failing":false,"failureDetails":[],"failureMessages":[],"fullName":"parseXMLTags extracts thought + call_tool + parameter","invocations":1,"location":null,"numPassingAsserts":2,"retryReasons":[],"startAt":1782912110937,"status":"passed","title":"extracts thought + call_tool + parameter"},{"ancestorTitles":["parseXMLTags"],"duration":0,"failing":false,"failureDetails":[],"failureMessages":[],"fullName":"parseXMLTags decodes XML-escaped parameter values","invocations":1,"location":null,"numPassingAsserts":1,"retryReasons":[],"startAt":1782912110939,"status":"passed","title":"decodes XML-escaped parameter values"},{"ancestorTitles":["parseXMLTags"],"duration":0,"failing":false,"failureDetails":[],"failureMessages":[],"fullName":"parseXMLTags extracts finish tag","invocations":1,"location":null,"numPassingAsserts":1,"retryReasons":[],"startAt":1782912110940,"status":"passed","title":"extracts finish tag"},{"ancestorTitles":["parseXMLTags"],"duration":0,"failing":false,"failureDetails":[],"failureMessages":[],"fullName":"parseXMLTags falls back to JSON-shaped fragment","invocations":1,"location":null,"numPassingAsserts":1,"retryReasons":[],"startAt":1782912110940,"status":"passed","title":"falls back to JSON-shaped fragment"},{"ancestorTitles":["parseXMLTags"],"duration":1,"failing":false,"failureDetails":[],"failureMessages":[],"fullName":"parseXMLTags returns nulls for empty input","invocations":1,"location":null,"numPassingAsserts":2,"retryReasons":[],"startAt":1782912110940,"status":"passed","title":"returns nulls for empty input"},{"ancestorTitles":["parseXMLTags"],"duration":0,"failing":false,"failureDetails":[],"failureMessages":[],"fullName":"parseXMLTags handles JSON with nested params","invocations":1,"location":null,"numPassingAsserts":1,"retryReasons":[],"startAt":1782912110941,"status":"passed","title":"handles JSON with nested params"},{"ancestorTitles":["parseXMLTags"],"duration":0,"failing":false,"failureDetails":[],"failureMessages":[],"fullName":"parseXMLTags handles JSON with action field","invocations":1,"location":null,"numPassingAsserts":1,"retryReasons":[],"startAt":1782912110941,"status":"passed","title":"handles JSON with action field"},{"ancestorTitles":["parseXMLTags"],"duration":1,"failing":false,"failureDetails":[],"failureMessages":[],"fullName":"parseXMLTags handles malformed XML gracefully","invocations":1,"location":null,"numPassingAsserts":3,"retryReasons":[],"startAt":1782912110941,"status":"passed","title":"handles malformed XML gracefully"},{"ancestorTitles":["parseXMLTags"],"duration":0,"failing":false,"failureDetails":[],"failureMessages":[],"fullName":"parseXMLTags handles non-string input","invocations":1,"location":null,"numPassingAsserts":2,"retryReasons":[],"startAt":1782912110942,"status":"passed","title":"handles non-string input"},{"ancestorTitles":["parseXMLTags"],"duration":0,"failing":false,"failureDetails":[],"failureMessages":[],"fullName":"parseXMLTags extracts multiple parameters","invocations":1,"location":null,"numPassingAsserts":1,"retryReasons":[],"startAt":1782912110942,"status":"passed","title":"extracts multiple parameters"},{"ancestorTitles":["parseXMLTags"],"duration":1,"failing":false,"failureDetails":[],"failureMessages":[],"fullName":"parseXMLTags handles unquoted XML attribute","invocations":1,"location":null,"numPassingAsserts":1,"retryReasons":[],"startAt":1782912110942,"status":"passed","title":"handles unquoted XML attribute"},{"ancestorTitles":["parseXMLTags"],"duration":0,"failing":false,"failureDetails":[],"failureMessages":[],"fullName":"parseXMLTags handles missing parameter closing tags gracefully without merging them","invocations":1,"location":null,"numPassingAsserts":1,"retryReasons":[],"startAt":1782912110943,"status":"passed","title":"handles missing parameter closing tags gracefully without merging them"},{"ancestorTitles":["parseXMLTags"],"duration":2,"failing":false,"failureDetails":[{"matcherResult":{"actual":null,"expected":{"name":"read_file","params":{"path":"a.js"}},"message":"expect(received).toEqual(expected) // deep equality\n\nExpected: {\"name\": \"read_file\", \"params\": {\"path\": \"a.js\"}}\nReceived: null","name":"toEqual","pass":false}}],"failureMessages":["Error: expect(received).toEqual(expected) // deep equality\n\nExpected: {\"name\": \"read_file\", \"params\": {\"path\": \"a.js\"}}\nReceived: null\n    at Object.<anonymous> (C:\\Users\\mibu0\\Documents\\develop\\one-min-ai-monaco-client\\tests\\utils.test.js:215:26)\n    at Promise.finally.completed (C:\\Users\\mibu0\\Documents\\develop\\one-min-ai-monaco-client\\node_modules\\jest-circus\\build\\jestAdapterInit.js:1561:28)\n    at new Promise (<anonymous>)\n    at callAsyncCircusFn (C:\\Users\\mibu0\\Documents\\develop\\one-min-ai-monaco-client\\node_modules\\jest-circus\\build\\jestAdapterInit.js:1501:10)\n    at _callCircusTest (C:\\Users\\mibu0\\Documents\\develop\\one-min-ai-monaco-client\\node_modules\\jest-circus\\build\\jestAdapterInit.js:1011:40)\n    at processTicksAndRejections (node:internal/process/task_queues:104:5)\n    at _runTest (C:\\Users\\mibu0\\Documents\\develop\\one-min-ai-monaco-client\\node_modules\\jest-circus\\build\\jestAdapterInit.js:951:3)\n    at C:\\Users\\mibu0\\Documents\\develop\\one-min-ai-monaco-client\\node_modules\\jest-circus\\build\\jestAdapterInit.js:853:7\n    at _runTestsForDescribeBlock (C:\\Users\\mibu0\\Documents\\develop\\one-min-ai-monaco-client\\node_modules\\jest-circus\\build\\jestAdapterInit.js:866:11)\n    at _runTestsForDescribeBlock (C:\\Users\\mibu0\\Documents\\develop\\one-min-ai-monaco-client\\node_modules\\jest-circus\\build\\jestAdapterInit.js:861:11)\n    at run (C:\\Users\\mibu0\\Documents\\develop\\one-min-ai-monaco-client\\node_modules\\jest-circus\\build\\jestAdapterInit.js:765:3)\n    at runAndTransformResultsToJestFormat (C:\\Users\\mibu0\\Documents\\develop\\one-min-ai-monaco-client\\node_modules\\jest-circus\\build\\jestAdapterInit.js:1993:21)\n    at jestAdapter (C:\\Users\\mibu0\\Documents\\develop\\one-min-ai-monaco-client\\node_modules\\jest-circus\\build\\runner.js:111:19)\n    at runTestInternal (C:\\Users\\mibu0\\Documents\\develop\\one-min-ai-monaco-client\\node_modules\\jest-runner\\build\\testWorker.js:276:16)\n    at runTest (C:\\Users\\mibu0\\Documents\\develop\\one-min-ai-monaco-client\\node_modules\\jest-runner\\build\\testWorker.js:344:7)\n    at Object.worker (C:\\Users\\mibu0\\Documents\\develop\\one-min-ai-monaco-client\\node_modules\\jest-runner\\build\\testWorker.js:498:12)"],"fullName":"parseXMLTags handles XML tag casing variations (case-insensitive)","invocations":1,"location":null,"numPassingAsserts":1,"retryReasons":[],"startAt":1782912110943,"status":"failed","title":"handles XML tag casing variations (case-insensitive)"},{"ancestorTitles":["parseXMLTags"],"duration":1,"failing":false,"failureDetails":[],"failureMessages":[],"fullName":"parseXMLTags handles raw unescaped < and > inside parameter content without breaking next parameter","invocations":1,"location":null,"numPassingAsserts":2,"retryReasons":[],"startAt":1782912110949,"status":"passed","title":"handles raw unescaped < and > inside parameter content without breaking next parameter"},{"ancestorTitles":["parseXMLTags"],"duration":3,"failing":false,"failureDetails":[],"failureMessages":[],"fullName":"parseXMLTags drops inputs larger than the maximum size cap","invocations":1,"location":null,"numPassingAsserts":1,"retryReasons":[],"startAt":1782912110950,"status":"passed","title":"drops inputs larger than the maximum size cap"},{"ancestorTitles":["parseXMLTags"],"duration":1,"failing":false,"failureDetails":[],"failureMessages":[],"fullName":"parseXMLTags caps the JSON-fallback candidate count","invocations":1,"location":null,"numPassingAsserts":3,"retryReasons":[],"startAt":1782912110953,"status":"passed","title":"caps the JSON-fallback candidate count"},{"ancestorTitles":["createSvgIcon / appendStepIcon"],"duration":0,"failing":false,"failureDetails":[],"failureMessages":[],"fullName":"createSvgIcon / appendStepIcon createSvgIcon builds an <svg> with the requested viewBox + path","invocations":1,"location":null,"numPassingAsserts":4,"retryReasons":[],"startAt":1782912110954,"status":"passed","title":"createSvgIcon builds an <svg> with the requested viewBox + path"},{"ancestorTitles":["createSvgIcon / appendStepIcon"],"duration":1,"failing":false,"failureDetails":[],"failureMessages":[],"fullName":"createSvgIcon / appendStepIcon appendStepIcon falls back to 'thought' for unknown types","invocations":1,"location":null,"numPassingAsserts":2,"retryReasons":[],"startAt":1782912110954,"status":"passed","title":"appendStepIcon falls back to 'thought' for unknown types"},{"ancestorTitles":["createSvgIcon / appendStepIcon"],"duration":0,"failing":false,"failureDetails":[],"failureMessages":[],"fullName":"createSvgIcon / appendStepIcon SVG_NS is the SVG namespace","invocations":1,"location":null,"numPassingAsserts":1,"retryReasons":[],"startAt":1782912110956,"status":"passed","title":"SVG_NS is the SVG namespace"}],"endTime":1782912110973,"message":"  ● parseXMLTags › handles XML tag casing variations (case-insensitive)\n\n    expect(received).toEqual(expected) // deep equality\n\n    Expected: {\"name\": \"read_file\", \"params\": {\"path\": \"a.js\"}}\n    Received: null\n\n    \u001b[0m \u001b[90m 213 |\u001b[39m     \u001b[36mconst\u001b[39m out \u001b[33m=\u001b[39m parseXMLTags(xml)\u001b[33m;\u001b[39m\n     \u001b[90m 214 |\u001b[39m     expect(out\u001b[33m.\u001b[39mthought)\u001b[33m.\u001b[39mtoBe(\u001b[32m'thinking...'\u001b[39m)\u001b[33m;\u001b[39m\n    \u001b[31m\u001b[1m>\u001b[22m\u001b[39m\u001b[90m 215 |\u001b[39m     expect(out\u001b[33m.\u001b[39mtoolCall)\u001b[33m.\u001b[39mtoEqual({\n     \u001b[90m     |\u001b[39m                          \u001b[31m\u001b[1m^\u001b[22m\u001b[39m\n     \u001b[90m 216 |\u001b[39m       name\u001b[33m:\u001b[39m \u001b[32m'read_file'\u001b[39m\u001b[33m,\u001b[39m\n     \u001b[90m 217 |\u001b[39m       params\u001b[33m:\u001b[39m { path\u001b[33m:\u001b[39m \u001b[32m'a.js'\u001b[39m }\u001b[33m,\u001b[39m\n     \u001b[90m 218 |\u001b[39m     })\u001b[33m;\u001b[39m\u001b[0m\n\n      at Object.<anonymous> (tests/utils.test.js:215:26)\n","name":"C:\\Users\\mibu0\\Documents\\develop\\one-min-ai-monaco-client\\tests\\utils.test.js","startTime":1782912110549,"status":"failed","summary":""},{"assertionResults":[{"ancestorTitles":["config/server.js env validation"],"duration":14,"failing":false,"failureDetails":[],"failureMessages":[],"fullName":"config/server.js env validation PORT clamps to the [1, 65535] range","invocations":1,"location":null,"numPassingAsserts":4,"retryReasons":[],"startAt":1782912110965,"status":"passed","title":"PORT clamps to the [1, 65535] range"},{"ancestorTitles":["config/server.js env validation"],"duration":3,"failing":false,"failureDetails":[],"failureMessages":[],"fullName":"config/server.js env validation MAX_FILE_SIZE accepts both raw bytes and suffixed values","invocations":1,"location":null,"numPassingAsserts":3,"retryReasons":[],"startAt":1782912110980,"status":"passed","title":"MAX_FILE_SIZE accepts both raw bytes and suffixed values"},{"ancestorTitles":["config/server.js env validation"],"duration":2,"failing":false,"failureDetails":[],"failureMessages":[],"fullName":"config/server.js env validation MAX_FILE_SIZE caps at the absolute maximum (100MB)","invocations":1,"location":null,"numPassingAsserts":1,"retryReasons":[],"startAt":1782912110983,"status":"passed","title":"MAX_FILE_SIZE caps at the absolute maximum (100MB)"},{"ancestorTitles":["config/server.js env validation"],"duration":2,"failing":false,"failureDetails":[],"failureMessages":[],"fullName":"config/server.js env validation RATE_LIMIT_MAX falls back on non-numeric input","invocations":1,"location":null,"numPassingAsserts":1,"retryReasons":[],"startAt":1782912110985,"status":"passed","title":"RATE_LIMIT_MAX falls back on non-numeric input"},{"ancestorTitles":["config/server.js env validation"],"duration":2,"failing":false,"failureDetails":[],"failureMessages":[],"fullName":"config/server.js env validation API_RETRY_ATTEMPTS clamps to [0, 10]","invocations":1,"location":null,"numPassingAsserts":2,"retryReasons":[],"startAt":1782912110987,"status":"passed","title":"API_RETRY_ATTEMPTS clamps to [0, 10]"},{"ancestorTitles":["config/server.js env validation"],"duration":4,"failing":false,"failureDetails":[],"failureMessages":[],"fullName":"config/server.js env validation AGENT_MAX_LOOPS clamps to [1, 100]","invocations":1,"location":null,"numPassingAsserts":3,"retryReasons":[],"startAt":1782912110989,"status":"passed","title":"AGENT_MAX_LOOPS clamps to [1, 100]"},{"ancestorTitles":["config/server.js env validation"],"duration":2,"failing":false,"failureDetails":[],"failureMessages":[],"fullName":"config/server.js env validation LOG_LEVEL rejects unknown levels","invocations":1,"location":null,"numPassingAsserts":2,"retryReasons":[],"startAt":1782912110993,"status":"passed","title":"LOG_LEVEL rejects unknown levels"},{"ancestorTitles":["config/server.js env validation"],"duration":3,"failing":false,"failureDetails":[],"failureMessages":[],"fullName":"config/server.js env validation ONE_MIN_AI_API_BASE_URL rejects non-http(s) schemes","invocations":1,"location":null,"numPassingAsserts":2,"retryReasons":[],"startAt":1782912110995,"status":"passed","title":"ONE_MIN_AI_API_BASE_URL rejects non-http(s) schemes"},{"ancestorTitles":["config/server.js env validation"],"duration":3,"failing":false,"failureDetails":[],"failureMessages":[],"fullName":"config/server.js env validation Boolean flags are parsed conservatively","invocations":1,"location":null,"numPassingAsserts":3,"retryReasons":[],"startAt":1782912110998,"status":"passed","title":"Boolean flags are parsed conservatively"},{"ancestorTitles":["config/server.js env validation"],"duration":2,"failing":false,"failureDetails":[],"failureMessages":[],"fullName":"config/server.js env validation asset proxy guardrails parse and clamp env values","invocations":1,"location":null,"numPassingAsserts":4,"retryReasons":[],"startAt":1782912111001,"status":"passed","title":"asset proxy guardrails parse and clamp env values"},{"ancestorTitles":["config/server.js env validation"],"duration":3,"failing":false,"failureDetails":[],"failureMessages":[],"fullName":"config/server.js env validation ALLOW_UNSAFE_AGENT_AUTO_APPROVE remains conservative like other boolean flags","invocations":1,"location":null,"numPassingAsserts":4,"retryReasons":[],"startAt":1782912111003,"status":"passed","title":"ALLOW_UNSAFE_AGENT_AUTO_APPROVE remains conservative like other boolean flags"},{"ancestorTitles":["config/server.js env validation"],"duration":4,"failing":false,"failureDetails":[],"failureMessages":[],"fullName":"config/server.js env validation ONE_MIN_AI_ASSET_BASE_URL and ONE_MIN_AI_S3_BUCKET validation","invocations":1,"location":null,"numPassingAsserts":4,"retryReasons":[],"startAt":1782912111006,"status":"passed","title":"ONE_MIN_AI_ASSET_BASE_URL and ONE_MIN_AI_S3_BUCKET validation"}],"endTime":1782912111011,"message":"","name":"C:\\Users\\mibu0\\Documents\\develop\\one-min-ai-monaco-client\\tests\\server-config.test.js","startTime":1782912110596,"status":"passed","summary":""},{"assertionResults":[{"ancestorTitles":["fs-guard","PROJECT_ROOT"],"duration":4,"failing":false,"failureDetails":[],"failureMessages":[],"fullName":"fs-guard PROJECT_ROOT should be an absolute path","invocations":1,"location":null,"numPassingAsserts":1,"retryReasons":[],"startAt":1782912110975,"status":"passed","title":"should be an absolute path"},{"ancestorTitles":["fs-guard","getAllowedRoots"],"duration":1,"failing":false,"failureDetails":[],"failureMessages":[],"fullName":"fs-guard getAllowedRoots should return only PROJECT_ROOT when ALLOWED_ROOTS is not set","invocations":1,"location":null,"numPassingAsserts":1,"retryReasons":[],"startAt":1782912110980,"status":"passed","title":"should return only PROJECT_ROOT when ALLOWED_ROOTS is not set"},{"ancestorTitles":["fs-guard","getAllowedRoots"],"duration":0,"failing":false,"failureDetails":[],"failureMessages":[],"fullName":"fs-guard getAllowedRoots should return only PROJECT_ROOT when ALLOWED_ROOTS is empty","invocations":1,"location":null,"numPassingAsserts":1,"retryReasons":[],"startAt":1782912110981,"status":"passed","title":"should return only PROJECT_ROOT when ALLOWED_ROOTS is empty"},{"ancestorTitles":["fs-guard","getAllowedRoots"],"duration":1,"failing":false,"failureDetails":[],"failureMessages":[],"fullName":"fs-guard getAllowedRoots should parse comma-separated ALLOWED_ROOTS and include PROJECT_ROOT","invocations":1,"location":null,"numPassingAsserts":3,"retryReasons":[],"startAt":1782912110981,"status":"passed","title":"should parse comma-separated ALLOWED_ROOTS and include PROJECT_ROOT"},{"ancestorTitles":["fs-guard","getAllowedRoots"],"duration":0,"failing":false,"failureDetails":[],"failureMessages":[],"fullName":"fs-guard getAllowedRoots should always include PROJECT_ROOT as first entry","invocations":1,"location":null,"numPassingAsserts":1,"retryReasons":[],"startAt":1782912110982,"status":"passed","title":"should always include PROJECT_ROOT as first entry"},{"ancestorTitles":["fs-guard","getDefaultRoot"],"duration":1,"failing":false,"failureDetails":[],"failureMessages":[],"fullName":"fs-guard getDefaultRoot should return PROJECT_ROOT when no custom roots","invocations":1,"location":null,"numPassingAsserts":1,"retryReasons":[],"startAt":1782912110982,"status":"passed","title":"should return PROJECT_ROOT when no custom roots"},{"ancestorTitles":["fs-guard","getDefaultRoot"],"duration":0,"failing":false,"failureDetails":[],"failureMessages":[],"fullName":"fs-guard getDefaultRoot should return first custom root when set","invocations":1,"location":null,"numPassingAsserts":1,"retryReasons":[],"startAt":1782912110983,"status":"passed","title":"should return first custom root when set"},{"ancestorTitles":["fs-guard","isProtectedPath"],"duration":3,"failing":false,"failureDetails":[],"failureMessages":[],"fullName":"fs-guard isProtectedPath should identify protected project files and directories","invocations":1,"location":null,"numPassingAsserts":4,"retryReasons":[],"startAt":1782912110983,"status":"passed","title":"should identify protected project files and directories"},{"ancestorTitles":["fs-guard","isProtectedPath"],"duration":3,"failing":false,"failureDetails":[],"failureMessages":[],"fullName":"fs-guard isProtectedPath should allow reading normal project source paths","invocations":1,"location":null,"numPassingAsserts":5,"retryReasons":[],"startAt":1782912110986,"status":"passed","title":"should allow reading normal project source paths"},{"ancestorTitles":["fs-guard","isProtectedPath"],"duration":3,"failing":false,"failureDetails":[],"failureMessages":[],"fullName":"fs-guard isProtectedPath should identify protected files within custom allowed roots","invocations":1,"location":null,"numPassingAsserts":4,"retryReasons":[],"startAt":1782912110989,"status":"passed","title":"should identify protected files within custom allowed roots"},{"ancestorTitles":["fs-guard","isProtectedPath"],"duration":6,"failing":false,"failureDetails":[],"failureMessages":[],"fullName":"fs-guard isProtectedPath matches new glob-based protections (secrets.json, .npmrc, *.pem)","invocations":1,"location":null,"numPassingAsserts":8,"retryReasons":[],"startAt":1782912110992,"status":"passed","title":"matches new glob-based protections (secrets.json, .npmrc, *.pem)"},{"ancestorTitles":["fs-guard","isProtectedPath"],"duration":6,"failing":false,"failureDetails":[],"failureMessages":[],"fullName":"fs-guard isProtectedPath write protection also covers new glob patterns","invocations":1,"location":null,"numPassingAsserts":6,"retryReasons":[],"startAt":1782912110998,"status":"passed","title":"write protection also covers new glob patterns"},{"ancestorTitles":["fs-guard","isProtectedPath"],"duration":1,"failing":false,"failureDetails":[],"failureMessages":[],"fullName":"fs-guard isProtectedPath should throw 403 for protected paths","invocations":1,"location":null,"numPassingAsserts":1,"retryReasons":[],"startAt":1782912111004,"status":"passed","title":"should throw 403 for protected paths"},{"ancestorTitles":["fs-guard","isProtectedPathForListing"],"duration":0,"failing":false,"failureDetails":[],"failureMessages":[],"fullName":"fs-guard isProtectedPathForListing should allow listing the default allowed root itself","invocations":1,"location":null,"numPassingAsserts":1,"retryReasons":[],"startAt":1782912111005,"status":"passed","title":"should allow listing the default allowed root itself"},{"ancestorTitles":["fs-guard","isProtectedPathForListing"],"duration":0,"failing":false,"failureDetails":[],"failureMessages":[],"fullName":"fs-guard isProtectedPathForListing should allow listing a custom allowed root itself","invocations":1,"location":null,"numPassingAsserts":1,"retryReasons":[],"startAt":1782912111006,"status":"passed","title":"should allow listing a custom allowed root itself"},{"ancestorTitles":["fs-guard","isProtectedPathForListing"],"duration":1,"failing":false,"failureDetails":[],"failureMessages":[],"fullName":"fs-guard isProtectedPathForListing should block listing protected prefixes inside allowed roots","invocations":1,"location":null,"numPassingAsserts":2,"retryReasons":[],"startAt":1782912111006,"status":"passed","title":"should block listing protected prefixes inside allowed roots"},{"ancestorTitles":["fs-guard","isProtectedPathForListing"],"duration":3,"failing":false,"failureDetails":[],"failureMessages":[],"fullName":"fs-guard isProtectedPathForListing should block protected prefixes inside custom allowed roots","invocations":1,"location":null,"numPassingAsserts":2,"retryReasons":[],"startAt":1782912111007,"status":"passed","title":"should block protected prefixes inside custom allowed roots"},{"ancestorTitles":["fs-guard","isWriteProtectedPath"],"duration":3,"failing":false,"failureDetails":[],"failureMessages":[],"fullName":"fs-guard isWriteProtectedPath should protect source and project infrastructure from destructive operations","invocations":1,"location":null,"numPassingAsserts":5,"retryReasons":[],"startAt":1782912111010,"status":"passed","title":"should protect source and project infrastructure from destructive operations"},{"ancestorTitles":["fs-guard","isWriteProtectedPath"],"duration":3,"failing":false,"failureDetails":[],"failureMessages":[],"fullName":"fs-guard isWriteProtectedPath should allow normal writable project paths","invocations":1,"location":null,"numPassingAsserts":2,"retryReasons":[],"startAt":1782912111013,"status":"passed","title":"should allow normal writable project paths"},{"ancestorTitles":["fs-guard","isWriteProtectedPath"],"duration":5,"failing":false,"failureDetails":[],"failureMessages":[],"fullName":"fs-guard isWriteProtectedPath should identify write-protected files within custom allowed roots","invocations":1,"location":null,"numPassingAsserts":5,"retryReasons":[],"startAt":1782912111016,"status":"passed","title":"should identify write-protected files within custom allowed roots"},{"ancestorTitles":["fs-guard","isWriteProtectedPath"],"duration":1,"failing":false,"failureDetails":[],"failureMessages":[],"fullName":"fs-guard isWriteProtectedPath should throw 403 for write-protected paths","invocations":1,"location":null,"numPassingAsserts":1,"retryReasons":[],"startAt":1782912111021,"status":"passed","title":"should throw 403 for write-protected paths"},{"ancestorTitles":["fs-guard","validatePath"],"duration":2,"failing":false,"failureDetails":[],"failureMessages":[],"fullName":"fs-guard validatePath should accept valid path within project root","invocations":1,"location":null,"numPassingAsserts":1,"retryReasons":[],"startAt":1782912111022,"status":"passed","title":"should accept valid path within project root"},{"ancestorTitles":["fs-guard","validatePath"],"duration":0,"failing":false,"failureDetails":[],"failureMessages":[],"fullName":"fs-guard validatePath should accept project root itself","invocations":1,"location":null,"numPassingAsserts":1,"retryReasons":[],"startAt":1782912111024,"status":"passed","title":"should accept project root itself"},{"ancestorTitles":["fs-guard","validatePath"],"duration":7,"failing":false,"failureDetails":[],"failureMessages":[],"fullName":"fs-guard validatePath should reject path within parent directory (narrow default)","invocations":1,"location":null,"numPassingAsserts":1,"retryReasons":[],"startAt":1782912111024,"status":"passed","title":"should reject path within parent directory (narrow default)"},{"ancestorTitles":["fs-guard","validatePath"],"duration":3,"failing":false,"failureDetails":[],"failureMessages":[],"fullName":"fs-guard validatePath should accept relative path within project","invocations":1,"location":null,"numPassingAsserts":1,"retryReasons":[],"startAt":1782912111031,"status":"passed","title":"should accept relative path within project"},{"ancestorTitles":["fs-guard","validatePath"],"duration":1,"failing":false,"failureDetails":[],"failureMessages":[],"fullName":"fs-guard validatePath should reject path outside default allowed roots","invocations":1,"location":null,"numPassingAsserts":1,"retryReasons":[],"startAt":1782912111034,"status":"passed","title":"should reject path outside default allowed roots"},{"ancestorTitles":["fs-guard","validatePath"],"duration":2,"failing":false,"failureDetails":[],"failureMessages":[],"fullName":"fs-guard validatePath should reject path traversal attempt","invocations":1,"location":null,"numPassingAsserts":1,"retryReasons":[],"startAt":1782912111035,"status":"passed","title":"should reject path traversal attempt"},{"ancestorTitles":["fs-guard","validatePath"],"duration":1,"failing":false,"failureDetails":[],"failureMessages":[],"fullName":"fs-guard validatePath should reject empty path","invocations":1,"location":null,"numPassingAsserts":1,"retryReasons":[],"startAt":1782912111037,"status":"passed","title":"should reject empty path"},{"ancestorTitles":["fs-guard","validatePath"],"duration":0,"failing":false,"failureDetails":[],"failureMessages":[],"fullName":"fs-guard validatePath should reject null path","invocations":1,"location":null,"numPassingAsserts":1,"retryReasons":[],"startAt":1782912111038,"status":"passed","title":"should reject null path"},{"ancestorTitles":["fs-guard","validatePath"],"duration":1,"failing":false,"failureDetails":[],"failureMessages":[],"fullName":"fs-guard validatePath should reject undefined path","invocations":1,"location":null,"numPassingAsserts":1,"retryReasons":[],"startAt":1782912111038,"status":"passed","title":"should reject undefined path"},{"ancestorTitles":["fs-guard","validatePath"],"duration":1,"failing":false,"failureDetails":[],"failureMessages":[],"fullName":"fs-guard validatePath should set 403 status on access denied error","invocations":1,"location":null,"numPassingAsserts":1,"retryReasons":[],"startAt":1782912111039,"status":"passed","title":"should set 403 status on access denied error"},{"ancestorTitles":["fs-guard","validatePath"],"duration":1,"failing":false,"failureDetails":[],"failureMessages":[],"fullName":"fs-guard validatePath should accept path within custom allowed root","invocations":1,"location":null,"numPassingAsserts":1,"retryReasons":[],"startAt":1782912111040,"status":"passed","title":"should accept path within custom allowed root"},{"ancestorTitles":["fs-guard","validatePath"],"duration":2,"failing":false,"failureDetails":[],"failureMessages":[],"fullName":"fs-guard validatePath should reject path outside all allowed roots","invocations":1,"location":null,"numPassingAsserts":1,"retryReasons":[],"startAt":1782912111041,"status":"passed","title":"should reject path outside all allowed roots"}],"endTime":1782912111045,"message":"","name":"C:\\Users\\mibu0\\Documents\\develop\\one-min-ai-monaco-client\\tests\\fs-guard.test.js","startTime":1782912110599,"status":"passed","summary":""},{"assertionResults":[{"ancestorTitles":["api-client","extractText"],"duration":1,"failing":false,"failureDetails":[],"failureMessages":[],"fullName":"api-client extractText should extract text from aiRecord.aiRecordDetail.resultObject","invocations":1,"location":null,"numPassingAsserts":1,"retryReasons":[],"startAt":1782912111085,"status":"passed","title":"should extract text from aiRecord.aiRecordDetail.resultObject"},{"ancestorTitles":["api-client","extractText"],"duration":0,"failing":false,"failureDetails":[],"failureMessages":[],"fullName":"api-client extractText should extract text from aiRecord.aiRecordDetail.result","invocations":1,"location":null,"numPassingAsserts":1,"retryReasons":[],"startAt":1782912111087,"status":"passed","title":"should extract text from aiRecord.aiRecordDetail.result"},{"ancestorTitles":["api-client","extractText"],"duration":0,"failing":false,"failureDetails":[],"failureMessages":[],"fullName":"api-client extractText should extract text from result field","invocations":1,"location":null,"numPassingAsserts":1,"retryReasons":[],"startAt":1782912111087,"status":"passed","title":"should extract text from result field"},{"ancestorTitles":["api-client","extractText"],"duration":1,"failing":false,"failureDetails":[],"failureMessages":[],"fullName":"api-client extractText should extract text from message field","invocations":1,"location":null,"numPassingAsserts":1,"retryReasons":[],"startAt":1782912111087,"status":"passed","title":"should extract text from message field"},{"ancestorTitles":["api-client","extractText"],"duration":0,"failing":false,"failureDetails":[],"failureMessages":[],"fullName":"api-client extractText should extract text from text field","invocations":1,"location":null,"numPassingAsserts":1,"retryReasons":[],"startAt":1782912111088,"status":"passed","title":"should extract text from text field"},{"ancestorTitles":["api-client","extractText"],"duration":0,"failing":false,"failureDetails":[],"failureMessages":[],"fullName":"api-client extractText should extract text from content field","invocations":1,"location":null,"numPassingAsserts":1,"retryReasons":[],"startAt":1782912111088,"status":"passed","title":"should extract text from content field"},{"ancestorTitles":["api-client","extractText"],"duration":1,"failing":false,"failureDetails":[],"failureMessages":[],"fullName":"api-client extractText should extract text from aiRecord.output (image URL fallback)","invocations":1,"location":null,"numPassingAsserts":1,"retryReasons":[],"startAt":1782912111088,"status":"passed","title":"should extract text from aiRecord.output (image URL fallback)"},{"ancestorTitles":["api-client","extractText"],"duration":0,"failing":false,"failureDetails":[],"failureMessages":[],"fullName":"api-client extractText should handle array result","invocations":1,"location":null,"numPassingAsserts":1,"retryReasons":[],"startAt":1782912111089,"status":"passed","title":"should handle array result"},{"ancestorTitles":["api-client","extractText"],"duration":0,"failing":false,"failureDetails":[],"failureMessages":[],"fullName":"api-client extractText should handle object result by JSON stringifying","invocations":1,"location":null,"numPassingAsserts":1,"retryReasons":[],"startAt":1782912111089,"status":"passed","title":"should handle object result by JSON stringifying"},{"ancestorTitles":["api-client","extractText"],"duration":1,"failing":false,"failureDetails":[],"failureMessages":[],"fullName":"api-client extractText should return JSON stringified data when no candidates match","invocations":1,"location":null,"numPassingAsserts":1,"retryReasons":[],"startAt":1782912111089,"status":"passed","title":"should return JSON stringified data when no candidates match"},{"ancestorTitles":["api-client","extractText"],"duration":0,"failing":false,"failureDetails":[],"failureMessages":[],"fullName":"api-client extractText should handle null and undefined gracefully","invocations":1,"location":null,"numPassingAsserts":2,"retryReasons":[],"startAt":1782912111090,"status":"passed","title":"should handle null and undefined gracefully"},{"ancestorTitles":["api-client","extractText"],"duration":0,"failing":false,"failureDetails":[],"failureMessages":[],"fullName":"api-client extractText should handle empty object","invocations":1,"location":null,"numPassingAsserts":1,"retryReasons":[],"startAt":1782912111090,"status":"passed","title":"should handle empty object"},{"ancestorTitles":["api-client","normalizeAssetResponse"],"duration":1,"failing":false,"failureDetails":[],"failureMessages":[],"fullName":"api-client normalizeAssetResponse should normalize asset key and build asset URL","invocations":1,"location":null,"numPassingAsserts":1,"retryReasons":[],"startAt":1782912111090,"status":"passed","title":"should normalize asset key and build asset URL"},{"ancestorTitles":["api-client","normalizeAssetResponse"],"duration":1,"failing":false,"failureDetails":[],"failureMessages":[],"fullName":"api-client normalizeAssetResponse should preserve absolute asset URLs","invocations":1,"location":null,"numPassingAsserts":1,"retryReasons":[],"startAt":1782912111091,"status":"passed","title":"should preserve absolute asset URLs"}],"endTime":1782912111093,"message":"","name":"C:\\Users\\mibu0\\Documents\\develop\\one-min-ai-monaco-client\\tests\\api-client.test.js","startTime":1782912110998,"status":"passed","summary":""},{"assertionResults":[{"ancestorTitles":["api-client callOneMin"],"duration":18,"failing":false,"failureDetails":[],"failureMessages":[],"fullName":"api-client callOneMin does not retry non-idempotent POST calls","invocations":1,"location":null,"numPassingAsserts":2,"retryReasons":[],"startAt":1782912111094,"status":"passed","title":"does not retry non-idempotent POST calls"},{"ancestorTitles":["api-client callOneMin"],"duration":5,"failing":false,"failureDetails":[],"failureMessages":[],"fullName":"api-client callOneMin throws 408 on timeout","invocations":1,"location":null,"numPassingAsserts":1,"retryReasons":[],"startAt":1782912111113,"status":"passed","title":"throws 408 on timeout"},{"ancestorTitles":["api-client callOneMin"],"duration":1,"failing":false,"failureDetails":[],"failureMessages":[],"fullName":"api-client callOneMin throws 408 when timeout fires before caller signal","invocations":1,"location":null,"numPassingAsserts":1,"retryReasons":[],"startAt":1782912111118,"status":"passed","title":"throws 408 when timeout fires before caller signal"},{"ancestorTitles":["api-client callOneMin"],"duration":0,"failing":false,"failureDetails":[],"failureMessages":[],"fullName":"api-client callOneMin throws 499 when caller signal is already aborted","invocations":1,"location":null,"numPassingAsserts":1,"retryReasons":[],"startAt":1782912111119,"status":"passed","title":"throws 499 when caller signal is already aborted"},{"ancestorTitles":["api-client callOneMin"],"duration":1,"failing":false,"failureDetails":[],"failureMessages":[],"fullName":"api-client callOneMin throws on non-OK response","invocations":1,"location":null,"numPassingAsserts":1,"retryReasons":[],"startAt":1782912111119,"status":"passed","title":"throws on non-OK response"},{"ancestorTitles":["api-client callOneMin"],"duration":1,"failing":false,"failureDetails":[],"failureMessages":[],"fullName":"api-client callOneMin returns raw Response when raw=true","invocations":1,"location":null,"numPassingAsserts":1,"retryReasons":[],"startAt":1782912111120,"status":"passed","title":"returns raw Response when raw=true"},{"ancestorTitles":["api-client callOneMin"],"duration":0,"failing":false,"failureDetails":[],"failureMessages":[],"fullName":"api-client callOneMin handles non-JSON response gracefully","invocations":1,"location":null,"numPassingAsserts":1,"retryReasons":[],"startAt":1782912111121,"status":"passed","title":"handles non-JSON response gracefully"},{"ancestorTitles":["api-client callOneMin"],"duration":4,"failing":false,"failureDetails":[],"failureMessages":[],"fullName":"api-client callOneMin handles errors with read-only properties safely (DOMException imitation)","invocations":1,"location":null,"numPassingAsserts":1,"retryReasons":[],"startAt":1782912111121,"status":"passed","title":"handles errors with read-only properties safely (DOMException imitation)"},{"ancestorTitles":["isFailedResponse"],"duration":1,"failing":false,"failureDetails":[],"failureMessages":[],"fullName":"isFailedResponse returns true on FAILED","invocations":1,"location":null,"numPassingAsserts":1,"retryReasons":[],"startAt":1782912111125,"status":"passed","title":"returns true on FAILED"},{"ancestorTitles":["isFailedResponse"],"duration":0,"failing":false,"failureDetails":[],"failureMessages":[],"fullName":"isFailedResponse returns false on SUCCESS","invocations":1,"location":null,"numPassingAsserts":1,"retryReasons":[],"startAt":1782912111126,"status":"passed","title":"returns false on SUCCESS"},{"ancestorTitles":["isFailedResponse"],"duration":0,"failing":false,"failureDetails":[],"failureMessages":[],"fullName":"isFailedResponse returns false on null","invocations":1,"location":null,"numPassingAsserts":1,"retryReasons":[],"startAt":1782912111127,"status":"passed","title":"returns false on null"},{"ancestorTitles":["isFailedResponse"],"duration":0,"failing":false,"failureDetails":[],"failureMessages":[],"fullName":"isFailedResponse returns false on non-object","invocations":1,"location":null,"numPassingAsserts":1,"retryReasons":[],"startAt":1782912111127,"status":"passed","title":"returns false on non-object"},{"ancestorTitles":["normalizeOneMinResponse"],"duration":1,"failing":false,"failureDetails":[],"failureMessages":[],"fullName":"normalizeOneMinResponse extracts text, resultObject, conversationId, uuid","invocations":1,"location":null,"numPassingAsserts":5,"retryReasons":[],"startAt":1782912111127,"status":"passed","title":"extracts text, resultObject, conversationId, uuid"}],"endTime":1782912111129,"message":"","name":"C:\\Users\\mibu0\\Documents\\develop\\one-min-ai-monaco-client\\tests\\api-client-retry.test.js","startTime":1782912111020,"status":"passed","summary":""},{"assertionResults":[{"ancestorTitles":["config/models.js","hardcoded model lists"],"duration":19,"failing":false,"failureDetails":[],"failureMessages":[],"fullName":"config/models.js hardcoded model lists getChatModels returns an array of models","invocations":1,"location":null,"numPassingAsserts":5,"retryReasons":[],"startAt":1782912111129,"status":"passed","title":"getChatModels returns an array of models"},{"ancestorTitles":["config/models.js","hardcoded model lists"],"duration":0,"failing":false,"failureDetails":[],"failureMessages":[],"fullName":"config/models.js hardcoded model lists getCodeModels returns an array with code-tagged models","invocations":1,"location":null,"numPassingAsserts":2,"retryReasons":[],"startAt":1782912111149,"status":"passed","title":"getCodeModels returns an array with code-tagged models"},{"ancestorTitles":["config/models.js","hardcoded model lists"],"duration":1,"failing":false,"failureDetails":[],"failureMessages":[],"fullName":"config/models.js hardcoded model lists getImageModels returns an array with image models","invocations":1,"location":null,"numPassingAsserts":2,"retryReasons":[],"startAt":1782912111149,"status":"passed","title":"getImageModels returns an array with image models"},{"ancestorTitles":["config/models.js","getModelSyncStatus"],"duration":1,"failing":false,"failureDetails":[],"failureMessages":[],"fullName":"config/models.js getModelSyncStatus returns an object with ok, lastSync, error, and source","invocations":1,"location":null,"numPassingAsserts":3,"retryReasons":[],"startAt":1782912111150,"status":"passed","title":"returns an object with ok, lastSync, error, and source"},{"ancestorTitles":["config/models.js","initModels with successful /api/models fetch"],"duration":6,"failing":false,"failureDetails":[],"failureMessages":[],"fullName":"config/models.js initModels with successful /api/models fetch updates model lists when fetch succeeds","invocations":1,"location":null,"numPassingAsserts":3,"retryReasons":[],"startAt":1782912111151,"status":"passed","title":"updates model lists when fetch succeeds"},{"ancestorTitles":["config/models.js","initModels with 404 from /api/models"],"duration":3,"failing":false,"failureDetails":[],"failureMessages":[],"fullName":"config/models.js initModels with 404 from /api/models treats 404 as feature unavailable without error","invocations":1,"location":null,"numPassingAsserts":3,"retryReasons":[],"startAt":1782912111157,"status":"passed","title":"treats 404 as feature unavailable without error"},{"ancestorTitles":["config/models.js","initModels with 500 from /api/models"],"duration":1,"failing":false,"failureDetails":[],"failureMessages":[],"fullName":"config/models.js initModels with 500 from /api/models marks sync as failed on server error","invocations":1,"location":null,"numPassingAsserts":3,"retryReasons":[],"startAt":1782912111160,"status":"passed","title":"marks sync as failed on server error"},{"ancestorTitles":["config/models.js","fetchModels handles different model type field names"],"duration":1,"failing":false,"failureDetails":[],"failureMessages":[],"fullName":"config/models.js fetchModels handles different model type field names accepts featureType as alternative to type","invocations":1,"location":null,"numPassingAsserts":1,"retryReasons":[],"startAt":1782912111161,"status":"passed","title":"accepts featureType as alternative to type"}],"endTime":1782912111163,"message":"","name":"C:\\Users\\mibu0\\Documents\\develop\\one-min-ai-monaco-client\\tests\\models-config.test.js","startTime":1782912111053,"status":"passed","summary":""},{"assertionResults":[{"ancestorTitles":["web-search payload helpers","parseWebSearchParams"],"duration":2,"failing":false,"failureDetails":[],"failureMessages":[],"fullName":"web-search payload helpers parseWebSearchParams should parse web search flags and numeric limits","invocations":1,"location":null,"numPassingAsserts":1,"retryReasons":[],"startAt":1782912111177,"status":"passed","title":"should parse web search flags and numeric limits"},{"ancestorTitles":["web-search payload helpers","parseWebSearchParams"],"duration":4,"failing":false,"failureDetails":[],"failureMessages":[],"fullName":"web-search payload helpers parseWebSearchParams should reject invalid numOfSite","invocations":1,"location":null,"numPassingAsserts":1,"retryReasons":[],"startAt":1782912111179,"status":"passed","title":"should reject invalid numOfSite"},{"ancestorTitles":["web-search payload helpers","parseWebSearchParams"],"duration":0,"failing":false,"failureDetails":[],"failureMessages":[],"fullName":"web-search payload helpers parseWebSearchParams should reject invalid maxWord","invocations":1,"location":null,"numPassingAsserts":1,"retryReasons":[],"startAt":1782912111183,"status":"passed","title":"should reject invalid maxWord"},{"ancestorTitles":["web-search payload helpers","buildWebSearchSettings"],"duration":1,"failing":false,"failureDetails":[],"failureMessages":[],"fullName":"web-search payload helpers buildWebSearchSettings should include optional limits only when provided","invocations":1,"location":null,"numPassingAsserts":1,"retryReasons":[],"startAt":1782912111183,"status":"passed","title":"should include optional limits only when provided"},{"ancestorTitles":["web-search payload helpers","buildWebSearchSettings"],"duration":0,"failing":false,"failureDetails":[],"failureMessages":[],"fullName":"web-search payload helpers buildWebSearchSettings should include maxWord when provided","invocations":1,"location":null,"numPassingAsserts":1,"retryReasons":[],"startAt":1782912111184,"status":"passed","title":"should include maxWord when provided"},{"ancestorTitles":["web-search payload helpers","buildCodePayload"],"duration":1,"failing":false,"failureDetails":[],"failureMessages":[],"fullName":"web-search payload helpers buildCodePayload should build CODE_GENERATOR payload matching 1min.ai API schema (flat webSearch on promptObject, no conversationId)","invocations":1,"location":null,"numPassingAsserts":2,"retryReasons":[],"startAt":1782912111184,"status":"passed","title":"should build CODE_GENERATOR payload matching 1min.ai API schema (flat webSearch on promptObject, no conversationId)"},{"ancestorTitles":["web-search payload helpers","buildCodePayload"],"duration":1,"failing":false,"failureDetails":[],"failureMessages":[],"fullName":"web-search payload helpers buildCodePayload should omit optional fields when not provided","invocations":1,"location":null,"numPassingAsserts":5,"retryReasons":[],"startAt":1782912111185,"status":"passed","title":"should omit optional fields when not provided"},{"ancestorTitles":["web-search payload helpers","buildCodePayload"],"duration":0,"failing":false,"failureDetails":[],"failureMessages":[],"fullName":"web-search payload helpers buildCodePayload should fall back to default code model when model is omitted","invocations":1,"location":null,"numPassingAsserts":2,"retryReasons":[],"startAt":1782912111186,"status":"passed","title":"should fall back to default code model when model is omitted"}],"endTime":1782912111187,"message":"","name":"C:\\Users\\mibu0\\Documents\\develop\\one-min-ai-monaco-client\\tests\\web-search.test.js","startTime":1782912111099,"status":"passed","summary":""},{"assertionResults":[{"ancestorTitles":["CSP style-src directive"],"duration":30,"failing":false,"failureDetails":[],"failureMessages":[],"fullName":"CSP style-src directive GET / sets a style-src WITH 'unsafe-inline' (required by Monaco CSSOM)","invocations":1,"location":null,"numPassingAsserts":4,"retryReasons":[],"startAt":1782912111405,"status":"passed","title":"GET / sets a style-src WITH 'unsafe-inline' (required by Monaco CSSOM)"},{"ancestorTitles":["CSP style-src directive"],"duration":6,"failing":false,"failureDetails":[],"failureMessages":[],"fullName":"CSP style-src directive GET / sets a style-src-attr with 'unsafe-inline' (required by Monaco)","invocations":1,"location":null,"numPassingAsserts":2,"retryReasons":[],"startAt":1782912111435,"status":"passed","title":"GET / sets a style-src-attr with 'unsafe-inline' (required by Monaco)"},{"ancestorTitles":["CSP style-src directive"],"duration":6,"failing":false,"failureDetails":[],"failureMessages":[],"fullName":"CSP style-src directive GET / injects a <meta name=\"csp-nonce\"> tag and a per-request nonce in <script> tags","invocations":1,"location":null,"numPassingAsserts":4,"retryReasons":[],"startAt":1782912111441,"status":"passed","title":"GET / injects a <meta name=\"csp-nonce\"> tag and a per-request nonce in <script> tags"},{"ancestorTitles":["CSP style-src directive"],"duration":6,"failing":false,"failureDetails":[],"failureMessages":[],"fullName":"CSP style-src directive index.html no longer contains any inline style= attribute","invocations":1,"location":null,"numPassingAsserts":3,"retryReasons":[],"startAt":1782912111447,"status":"passed","title":"index.html no longer contains any inline style= attribute"},{"ancestorTitles":["CSP style-src directive"],"duration":5,"failing":false,"failureDetails":[],"failureMessages":[],"fullName":"CSP style-src directive CSP no longer permits cdn.jsdelivr.net","invocations":1,"location":null,"numPassingAsserts":2,"retryReasons":[],"startAt":1782912111454,"status":"passed","title":"CSP no longer permits cdn.jsdelivr.net"}],"endTime":1782912111460,"message":"","name":"C:\\Users\\mibu0\\Documents\\develop\\one-min-ai-monaco-client\\tests\\csp-style-src.test.js","startTime":1782912110567,"status":"passed","summary":""},{"assertionResults":[{"ancestorTitles":["Hardening Improvements Tests","globToRegExp Directory Matching Fix"],"duration":6,"failing":false,"failureDetails":[],"failureMessages":[],"fullName":"Hardening Improvements Tests globToRegExp Directory Matching Fix scripts/** matches parent directory and its children","invocations":1,"location":null,"numPassingAsserts":2,"retryReasons":[],"startAt":1782912111396,"status":"passed","title":"scripts/** matches parent directory and its children"},{"ancestorTitles":["Hardening Improvements Tests","/api/code/run filePath Validation"],"duration":36,"failing":false,"failureDetails":[],"failureMessages":[],"fullName":"Hardening Improvements Tests /api/code/run filePath Validation rejects filePath containing shell metacharacters","invocations":1,"location":null,"numPassingAsserts":2,"retryReasons":[],"startAt":1782912111403,"status":"passed","title":"rejects filePath containing shell metacharacters"},{"ancestorTitles":["Hardening Improvements Tests","/api/code/run filePath Validation"],"duration":9,"failing":false,"failureDetails":[],"failureMessages":[],"fullName":"Hardening Improvements Tests /api/code/run filePath Validation rejects filePath outside allowed roots","invocations":1,"location":null,"numPassingAsserts":2,"retryReasons":[],"startAt":1782912111439,"status":"passed","title":"rejects filePath outside allowed roots"},{"ancestorTitles":["Hardening Improvements Tests","Production 500 error leak prevention"],"duration":21,"failing":false,"failureDetails":[],"failureMessages":[],"fullName":"Hardening Improvements Tests Production 500 error leak prevention hides internal error messages in production mode","invocations":1,"location":null,"numPassingAsserts":2,"retryReasons":[],"startAt":1782912111448,"status":"passed","title":"hides internal error messages in production mode"}],"endTime":1782912111470,"message":"","name":"C:\\Users\\mibu0\\Documents\\develop\\one-min-ai-monaco-client\\tests\\hardening.test.js","startTime":1782912110555,"status":"passed","summary":""},{"assertionResults":[{"ancestorTitles":["Safe-range Improvements Unit Tests"],"duration":9,"failing":false,"failureDetails":[],"failureMessages":[],"fullName":"Safe-range Improvements Unit Tests flushPendingWriters should be exported and callable","invocations":1,"location":null,"numPassingAsserts":2,"retryReasons":[],"startAt":1782912111414,"status":"passed","title":"flushPendingWriters should be exported and callable"},{"ancestorTitles":["Safe-range Improvements Unit Tests"],"duration":1,"failing":false,"failureDetails":[],"failureMessages":[],"fullName":"Safe-range Improvements Unit Tests serverConfig contains exposeErrorDetails, apiStreamTimeoutMs, and agentChatTimeoutMs","invocations":1,"location":null,"numPassingAsserts":4,"retryReasons":[],"startAt":1782912111423,"status":"passed","title":"serverConfig contains exposeErrorDetails, apiStreamTimeoutMs, and agentChatTimeoutMs"},{"ancestorTitles":["Safe-range Improvements Unit Tests"],"duration":46,"failing":false,"failureDetails":[],"failureMessages":[],"fullName":"Safe-range Improvements Unit Tests global error handler respects exposeErrorDetails config","invocations":1,"location":null,"numPassingAsserts":3,"retryReasons":[],"startAt":1782912111424,"status":"passed","title":"global error handler respects exposeErrorDetails config"}],"endTime":1782912111471,"message":"","name":"C:\\Users\\mibu0\\Documents\\develop\\one-min-ai-monaco-client\\tests\\safe-range-improvements.test.js","startTime":1782912110559,"status":"passed","summary":""},{"assertionResults":[{"ancestorTitles":["Review Fixes","Asset upload uses form-data package"],"duration":44,"failing":false,"failureDetails":[],"failureMessages":[],"fullName":"Review Fixes Asset upload uses form-data package should return normalized asset response","invocations":1,"location":null,"numPassingAsserts":2,"retryReasons":[],"startAt":1782912111393,"status":"passed","title":"should return normalized asset response"},{"ancestorTitles":["Review Fixes","Asset upload uses form-data package"],"duration":9,"failing":false,"failureDetails":[],"failureMessages":[],"fullName":"Review Fixes Asset upload uses form-data package should not include raw in response","invocations":1,"location":null,"numPassingAsserts":4,"retryReasons":[],"startAt":1782912111437,"status":"passed","title":"should not include raw in response"},{"ancestorTitles":["Review Fixes","Asset upload uses form-data package"],"duration":8,"failing":false,"failureDetails":[],"failureMessages":[],"fullName":"Review Fixes Asset upload uses form-data package cleans up the disk-staged upload file on success","invocations":1,"location":null,"numPassingAsserts":2,"retryReasons":[],"startAt":1782912111446,"status":"passed","title":"cleans up the disk-staged upload file on success"},{"ancestorTitles":["Review Fixes","CSP includes api.1min.ai"],"duration":6,"failing":false,"failureDetails":[],"failureMessages":[],"fullName":"Review Fixes CSP includes api.1min.ai should include api.1min.ai in Content-Security-Policy connect-src","invocations":1,"location":null,"numPassingAsserts":1,"retryReasons":[],"startAt":1782912111454,"status":"passed","title":"should include api.1min.ai in Content-Security-Policy connect-src"},{"ancestorTitles":["Review Fixes","Static files with X-Content-Type-Options"],"duration":10,"failing":false,"failureDetails":[],"failureMessages":[],"fullName":"Review Fixes Static files with X-Content-Type-Options should serve static JS files with X-Content-Type-Options nosniff","invocations":1,"location":null,"numPassingAsserts":1,"retryReasons":[],"startAt":1782912111460,"status":"passed","title":"should serve static JS files with X-Content-Type-Options nosniff"},{"ancestorTitles":["Review Fixes","Logger level normalization"],"duration":2,"failing":false,"failureDetails":[],"failureMessages":[],"fullName":"Review Fixes Logger level normalization should accept valid log levels","invocations":1,"location":null,"numPassingAsserts":1,"retryReasons":[],"startAt":1782912111470,"status":"passed","title":"should accept valid log levels"},{"ancestorTitles":["Review Fixes","Logger level normalization"],"duration":1,"failing":false,"failureDetails":[],"failureMessages":[],"fullName":"Review Fixes Logger level normalization should default to info for invalid log levels","invocations":1,"location":null,"numPassingAsserts":1,"retryReasons":[],"startAt":1782912111472,"status":"passed","title":"should default to info for invalid log levels"},{"ancestorTitles":["Review Fixes","Logger level normalization"],"duration":2,"failing":false,"failureDetails":[],"failureMessages":[],"fullName":"Review Fixes Logger level normalization should handle undefined log level","invocations":1,"location":null,"numPassingAsserts":1,"retryReasons":[],"startAt":1782912111473,"status":"passed","title":"should handle undefined log level"},{"ancestorTitles":["Review Fixes","Logger level normalization"],"duration":1,"failing":false,"failureDetails":[],"failureMessages":[],"fullName":"Review Fixes Logger level normalization should strip query strings from logged URLs","invocations":1,"location":null,"numPassingAsserts":2,"retryReasons":[],"startAt":1782912111475,"status":"passed","title":"should strip query strings from logged URLs"},{"ancestorTitles":["Review Fixes","API client error handling"],"duration":21,"failing":false,"failureDetails":[],"failureMessages":[],"fullName":"Review Fixes API client error handling should handle non-JSON error responses gracefully","invocations":1,"location":null,"numPassingAsserts":1,"retryReasons":[],"startAt":1782912111477,"status":"passed","title":"should handle non-JSON error responses gracefully"},{"ancestorTitles":["Review Fixes","API client error handling"],"duration":5,"failing":false,"failureDetails":[],"failureMessages":[],"fullName":"Review Fixes API client error handling should return 400 for missing prompt","invocations":1,"location":null,"numPassingAsserts":2,"retryReasons":[],"startAt":1782912111498,"status":"passed","title":"should return 400 for missing prompt"},{"ancestorTitles":["Review Fixes","Error payload containment in production"],"duration":8,"failing":false,"failureDetails":[],"failureMessages":[],"fullName":"Review Fixes Error payload containment in production should hide raw json payload in production","invocations":1,"location":null,"numPassingAsserts":4,"retryReasons":[],"startAt":1782912111503,"status":"passed","title":"should hide raw json payload in production"},{"ancestorTitles":["Review Fixes","Error payload containment in production"],"duration":7,"failing":false,"failureDetails":[],"failureMessages":[],"fullName":"Review Fixes Error payload containment in production should expose sanitized json payload in non-production environments","invocations":1,"location":null,"numPassingAsserts":3,"retryReasons":[],"startAt":1782912111511,"status":"passed","title":"should expose sanitized json payload in non-production environments"},{"ancestorTitles":["Review Fixes","C-1: scripts/ directory write protection"],"duration":3,"failing":false,"failureDetails":[],"failureMessages":[],"fullName":"Review Fixes C-1: scripts/ directory write protection should identify paths in scripts/ as write protected","invocations":1,"location":null,"numPassingAsserts":1,"retryReasons":[],"startAt":1782912111518,"status":"passed","title":"should identify paths in scripts/ as write protected"},{"ancestorTitles":["Review Fixes","H-1: Zod validation for /diff endpoint"],"duration":13,"failing":false,"failureDetails":[],"failureMessages":[],"fullName":"Review Fixes H-1: Zod validation for /diff endpoint should return 400 when path is missing","invocations":1,"location":null,"numPassingAsserts":2,"retryReasons":[],"startAt":1782912111521,"status":"passed","title":"should return 400 when path is missing"},{"ancestorTitles":["Review Fixes","H-1: Zod validation for /diff endpoint"],"duration":12,"failing":false,"failureDetails":[],"failureMessages":[],"fullName":"Review Fixes H-1: Zod validation for /diff endpoint should return 400 when diff is missing","invocations":1,"location":null,"numPassingAsserts":2,"retryReasons":[],"startAt":1782912111534,"status":"passed","title":"should return 400 when diff is missing"},{"ancestorTitles":["Review Fixes","H-4: Allowed extra commands dynamic opt-in"],"duration":3,"failing":false,"failureDetails":[],"failureMessages":[],"fullName":"Review Fixes H-4: Allowed extra commands dynamic opt-in should block npx by default","invocations":1,"location":null,"numPassingAsserts":2,"retryReasons":[],"startAt":1782912111546,"status":"passed","title":"should block npx by default"},{"ancestorTitles":["Review Fixes","H-4: Allowed extra commands dynamic opt-in"],"duration":3,"failing":false,"failureDetails":[],"failureMessages":[],"fullName":"Review Fixes H-4: Allowed extra commands dynamic opt-in should allow npx when opt-in is active","invocations":1,"location":null,"numPassingAsserts":1,"retryReasons":[],"startAt":1782912111549,"status":"passed","title":"should allow npx when opt-in is active"}],"endTime":1782912111554,"message":"","name":"C:\\Users\\mibu0\\Documents\\develop\\one-min-ai-monaco-client\\tests\\review-fixes.test.js","startTime":1782912110554,"status":"passed","summary":""},{"assertionResults":[{"ancestorTitles":["known-issues.md regression fixes","M-11: output_compression validation"],"duration":46,"failing":false,"failureDetails":[],"failureMessages":[],"fullName":"known-issues.md regression fixes M-11: output_compression validation /api/images/generate rejects non-numeric output_compression with 400","invocations":1,"location":null,"numPassingAsserts":3,"retryReasons":[],"startAt":1782912111419,"status":"passed","title":"/api/images/generate rejects non-numeric output_compression with 400"},{"ancestorTitles":["known-issues.md regression fixes","M-11: output_compression validation"],"duration":8,"failing":false,"failureDetails":[],"failureMessages":[],"fullName":"known-issues.md regression fixes M-11: output_compression validation /api/images/generate accepts numeric output_compression","invocations":1,"location":null,"numPassingAsserts":4,"retryReasons":[],"startAt":1782912111465,"status":"passed","title":"/api/images/generate accepts numeric output_compression"},{"ancestorTitles":["known-issues.md regression fixes","M-11: output_compression validation"],"duration":18,"failing":false,"failureDetails":[],"failureMessages":[],"fullName":"known-issues.md regression fixes M-11: output_compression validation /api/images/generate rejects out-of-range output_compression","invocations":1,"location":null,"numPassingAsserts":9,"retryReasons":[],"startAt":1782912111473,"status":"passed","title":"/api/images/generate rejects out-of-range output_compression"},{"ancestorTitles":["known-issues.md regression fixes","M-11: output_compression validation"],"duration":6,"failing":false,"failureDetails":[],"failureMessages":[],"fullName":"known-issues.md regression fixes M-11: output_compression validation /api/images/text-editor rejects out-of-range output_compression","invocations":1,"location":null,"numPassingAsserts":2,"retryReasons":[],"startAt":1782912111492,"status":"passed","title":"/api/images/text-editor rejects out-of-range output_compression"},{"ancestorTitles":["known-issues.md regression fixes","M-11: output_compression validation"],"duration":7,"failing":false,"failureDetails":[],"failureMessages":[],"fullName":"known-issues.md regression fixes M-11: output_compression validation /api/images/generate treats empty string as omitted","invocations":1,"location":null,"numPassingAsserts":2,"retryReasons":[],"startAt":1782912111498,"status":"passed","title":"/api/images/generate treats empty string as omitted"},{"ancestorTitles":["known-issues.md regression fixes","M-11: output_compression validation"],"duration":7,"failing":false,"failureDetails":[],"failureMessages":[],"fullName":"known-issues.md regression fixes M-11: output_compression validation /api/images/text-editor rejects non-numeric output_compression with 400","invocations":1,"location":null,"numPassingAsserts":3,"retryReasons":[],"startAt":1782912111505,"status":"passed","title":"/api/images/text-editor rejects non-numeric output_compression with 400"},{"ancestorTitles":["known-issues.md regression fixes","M-11: output_compression validation"],"duration":5,"failing":false,"failureDetails":[],"failureMessages":[],"fullName":"known-issues.md regression fixes M-11: output_compression validation /api/images/text-editor accepts numeric output_compression","invocations":1,"location":null,"numPassingAsserts":2,"retryReasons":[],"startAt":1782912111512,"status":"passed","title":"/api/images/text-editor accepts numeric output_compression"},{"ancestorTitles":["known-issues.md regression fixes","M-14: extractFailureMessage ignores data.message"],"duration":1,"failing":false,"failureDetails":[],"failureMessages":[],"fullName":"known-issues.md regression fixes M-14: extractFailureMessage ignores data.message returns generic message when only data.message is present","invocations":1,"location":null,"numPassingAsserts":2,"retryReasons":[],"startAt":1782912111517,"status":"passed","title":"returns generic message when only data.message is present"},{"ancestorTitles":["known-issues.md regression fixes","M-14: extractFailureMessage ignores data.message"],"duration":0,"failing":false,"failureDetails":[],"failureMessages":[],"fullName":"known-issues.md regression fixes M-14: extractFailureMessage ignores data.message prefers specific errorMessage over generic message","invocations":1,"location":null,"numPassingAsserts":1,"retryReasons":[],"startAt":1782912111518,"status":"passed","title":"prefers specific errorMessage over generic message"},{"ancestorTitles":["known-issues.md regression fixes","M-14: extractFailureMessage ignores data.message"],"duration":1,"failing":false,"failureDetails":[],"failureMessages":[],"fullName":"known-issues.md regression fixes M-14: extractFailureMessage ignores data.message prefers error.message over data.message","invocations":1,"location":null,"numPassingAsserts":1,"retryReasons":[],"startAt":1782912111518,"status":"passed","title":"prefers error.message over data.message"},{"ancestorTitles":["known-issues.md regression fixes","M-14: extractFailureMessage ignores data.message"],"duration":8,"failing":false,"failureDetails":[],"failureMessages":[],"fullName":"known-issues.md regression fixes M-14: extractFailureMessage ignores data.message real extractFailureMessage does not surface data.message","invocations":1,"location":null,"numPassingAsserts":2,"retryReasons":[],"startAt":1782912111519,"status":"passed","title":"real extractFailureMessage does not surface data.message"},{"ancestorTitles":["known-issues.md regression fixes","M-12: searchInDirectory file size cap"],"duration":36,"failing":false,"failureDetails":[],"failureMessages":[],"fullName":"known-issues.md regression fixes M-12: searchInDirectory file size cap skips files larger than 256KB and does not crash","invocations":1,"location":null,"numPassingAsserts":4,"retryReasons":[],"startAt":1782912111527,"status":"passed","title":"skips files larger than 256KB and does not crash"},{"ancestorTitles":["known-issues.md regression fixes","M-12: searchInDirectory file size cap"],"duration":4,"failing":false,"failureDetails":[],"failureMessages":[],"fullName":"known-issues.md regression fixes M-12: searchInDirectory file size cap searchInDirectory source enforces 256KB cap","invocations":1,"location":null,"numPassingAsserts":2,"retryReasons":[],"startAt":1782912111564,"status":"passed","title":"searchInDirectory source enforces 256KB cap"},{"ancestorTitles":["known-issues.md regression fixes","M-10: run_command guards against nested approval"],"duration":1,"failing":false,"failureDetails":[],"failureMessages":[],"fullName":"known-issues.md regression fixes M-10: run_command guards against nested approval agent-core.js rejects new run_command when resolver is busy","invocations":1,"location":null,"numPassingAsserts":2,"retryReasons":[],"startAt":1782912111568,"status":"passed","title":"agent-core.js rejects new run_command when resolver is busy"},{"ancestorTitles":["known-issues.md regression fixes","M-9: approval step fade-out"],"duration":0,"failing":false,"failureDetails":[],"failureMessages":[],"fullName":"known-issues.md regression fixes M-9: approval step fade-out public/app.js removes approval step after decision","invocations":1,"location":null,"numPassingAsserts":2,"retryReasons":[],"startAt":1782912111569,"status":"passed","title":"public/app.js removes approval step after decision"},{"ancestorTitles":["known-issues.md regression fixes","M-2: orphan approval cleanup on reset/stop"],"duration":1,"failing":false,"failureDetails":[],"failureMessages":[],"fullName":"known-issues.md regression fixes M-2: orphan approval cleanup on reset/stop public/app.js finalizes pending approvals on reset and stop","invocations":1,"location":null,"numPassingAsserts":2,"retryReasons":[],"startAt":1782912111569,"status":"passed","title":"public/app.js finalizes pending approvals on reset and stop"},{"ancestorTitles":["known-issues.md regression fixes","M-1: retryable run_command guard"],"duration":1,"failing":false,"failureDetails":[],"failureMessages":[],"fullName":"known-issues.md regression fixes M-1: retryable run_command guard agent-core.js sets retryable: true on nested-approval guard","invocations":1,"location":null,"numPassingAsserts":2,"retryReasons":[],"startAt":1782912111570,"status":"passed","title":"agent-core.js sets retryable: true on nested-approval guard"},{"ancestorTitles":["known-issues.md regression fixes","L-1: api() in-flight counter is always released"],"duration":1,"failing":false,"failureDetails":[],"failureMessages":[],"fullName":"known-issues.md regression fixes L-1: api() in-flight counter is always released public/js/api.js decrements _activeRequests in a finally block","invocations":1,"location":null,"numPassingAsserts":3,"retryReasons":[],"startAt":1782912111571,"status":"passed","title":"public/js/api.js decrements _activeRequests in a finally block"}],"endTime":1782912111573,"message":"","name":"C:\\Users\\mibu0\\Documents\\develop\\one-min-ai-monaco-client\\tests\\known-issues-fixes.test.js","startTime":1782912110554,"status":"passed","summary":""},{"assertionResults":[{"ancestorTitles":["Agent Approval Flow","POST /sessions/:id/commands with approval required"],"duration":53,"failing":false,"failureDetails":[],"failureMessages":[],"fullName":"Agent Approval Flow POST /sessions/:id/commands with approval required returns requiresApproval with token when approval is needed","invocations":1,"location":null,"numPassingAsserts":7,"retryReasons":[],"startAt":1782912111399,"status":"passed","title":"returns requiresApproval with token when approval is needed"},{"ancestorTitles":["Agent Approval Flow","POST /sessions/:id/commands with approval required"],"duration":11,"failing":false,"failureDetails":[],"failureMessages":[],"fullName":"Agent Approval Flow POST /sessions/:id/commands with approval required returns 404 for invalid session ID","invocations":1,"location":null,"numPassingAsserts":2,"retryReasons":[],"startAt":1782912111453,"status":"passed","title":"returns 404 for invalid session ID"},{"ancestorTitles":["Agent Approval Flow","POST /sessions/:id/commands with approval required"],"duration":13,"failing":false,"failureDetails":[],"failureMessages":[],"fullName":"Agent Approval Flow POST /sessions/:id/commands with approval required returns 400 or 403 when command is missing","invocations":1,"location":null,"numPassingAsserts":2,"retryReasons":[],"startAt":1782912111464,"status":"passed","title":"returns 400 or 403 when command is missing"},{"ancestorTitles":["Agent Approval Flow","POST /sessions/:id/commands with approval required"],"duration":16,"failing":false,"failureDetails":[],"failureMessages":[],"fullName":"Agent Approval Flow POST /sessions/:id/commands with approval required returns 400 when command is blocked by safety check","invocations":1,"location":null,"numPassingAsserts":2,"retryReasons":[],"startAt":1782912111477,"status":"passed","title":"returns 400 when command is blocked by safety check"},{"ancestorTitles":["Agent Approval Flow","POST /sessions/:id/approve"],"duration":20,"failing":false,"failureDetails":[],"failureMessages":[],"fullName":"Agent Approval Flow POST /sessions/:id/approve executes an approved command and returns the result","invocations":1,"location":null,"numPassingAsserts":6,"retryReasons":[],"startAt":1782912111493,"status":"passed","title":"executes an approved command and returns the result"},{"ancestorTitles":["Agent Approval Flow","POST /sessions/:id/approve"],"duration":15,"failing":false,"failureDetails":[],"failureMessages":[],"fullName":"Agent Approval Flow POST /sessions/:id/approve returns 400 for invalid approval token","invocations":1,"location":null,"numPassingAsserts":3,"retryReasons":[],"startAt":1782912111514,"status":"passed","title":"returns 400 for invalid approval token"},{"ancestorTitles":["Agent Approval Flow","POST /sessions/:id/approve"],"duration":20,"failing":false,"failureDetails":[],"failureMessages":[],"fullName":"Agent Approval Flow POST /sessions/:id/approve returns 400 or 403 for missing approval token","invocations":1,"location":null,"numPassingAsserts":3,"retryReasons":[],"startAt":1782912111529,"status":"passed","title":"returns 400 or 403 for missing approval token"},{"ancestorTitles":["Agent Approval Flow","POST /sessions/:id/approve"],"duration":18,"failing":false,"failureDetails":[],"failureMessages":[],"fullName":"Agent Approval Flow POST /sessions/:id/approve returns 403 when session ID does not match the pending command","invocations":1,"location":null,"numPassingAsserts":3,"retryReasons":[],"startAt":1782912111549,"status":"passed","title":"returns 403 when session ID does not match the pending command"},{"ancestorTitles":["Agent Approval Flow","POST /sessions/:id/approve"],"duration":20,"failing":false,"failureDetails":[],"failureMessages":[],"fullName":"Agent Approval Flow POST /sessions/:id/approve re-executes safety check before approving","invocations":1,"location":null,"numPassingAsserts":2,"retryReasons":[],"startAt":1782912111567,"status":"passed","title":"re-executes safety check before approving"}],"endTime":1782912111588,"message":"","name":"C:\\Users\\mibu0\\Documents\\develop\\one-min-ai-monaco-client\\tests\\agent-approval.test.js","startTime":1782912110552,"status":"passed","summary":""},{"assertionResults":[{"ancestorTitles":["AI Routes Integration Tests","GET /api/models"],"duration":49,"failing":false,"failureDetails":[],"failureMessages":[],"fullName":"AI Routes Integration Tests GET /api/models should return available models lists","invocations":1,"location":null,"numPassingAsserts":4,"retryReasons":[],"startAt":1782912111363,"status":"passed","title":"should return available models lists"},{"ancestorTitles":["AI Routes Integration Tests","POST /api/chat"],"duration":18,"failing":false,"failureDetails":[],"failureMessages":[],"fullName":"AI Routes Integration Tests POST /api/chat should call callOneMin and return chat response data","invocations":1,"location":null,"numPassingAsserts":3,"retryReasons":[],"startAt":1782912111413,"status":"passed","title":"should call callOneMin and return chat response data"},{"ancestorTitles":["AI Routes Integration Tests","POST /api/chat"],"duration":6,"failing":false,"failureDetails":[],"failureMessages":[],"fullName":"AI Routes Integration Tests POST /api/chat should return 400 if prompt is missing or empty","invocations":1,"location":null,"numPassingAsserts":2,"retryReasons":[],"startAt":1782912111432,"status":"passed","title":"should return 400 if prompt is missing or empty"},{"ancestorTitles":["AI Routes Integration Tests","POST /api/images/generate"],"duration":7,"failing":false,"failureDetails":[],"failureMessages":[],"fullName":"AI Routes Integration Tests POST /api/images/generate should return generated image response","invocations":1,"location":null,"numPassingAsserts":3,"retryReasons":[],"startAt":1782912111438,"status":"passed","title":"should return generated image response"},{"ancestorTitles":["AI Routes Integration Tests","POST /api/images/generate"],"duration":6,"failing":false,"failureDetails":[],"failureMessages":[],"fullName":"AI Routes Integration Tests POST /api/images/generate should return 400 if image prompt is missing","invocations":1,"location":null,"numPassingAsserts":2,"retryReasons":[],"startAt":1782912111445,"status":"passed","title":"should return 400 if image prompt is missing"},{"ancestorTitles":["AI Routes Integration Tests","POST /api/code/generate"],"duration":6,"failing":false,"failureDetails":[],"failureMessages":[],"fullName":"AI Routes Integration Tests POST /api/code/generate should return generated code response","invocations":1,"location":null,"numPassingAsserts":5,"retryReasons":[],"startAt":1782912111451,"status":"passed","title":"should return generated code response"},{"ancestorTitles":["AI Routes Integration Tests","POST /api/code/generate"],"duration":10,"failing":false,"failureDetails":[],"failureMessages":[],"fullName":"AI Routes Integration Tests POST /api/code/generate should return 400 if instruction is missing","invocations":1,"location":null,"numPassingAsserts":2,"retryReasons":[],"startAt":1782912111457,"status":"passed","title":"should return 400 if instruction is missing"},{"ancestorTitles":["AI Routes Integration Tests","POST /api/assets/upload"],"duration":14,"failing":false,"failureDetails":[],"failureMessages":[],"fullName":"AI Routes Integration Tests POST /api/assets/upload should not return raw upstream payload","invocations":1,"location":null,"numPassingAsserts":3,"retryReasons":[],"startAt":1782912111467,"status":"passed","title":"should not return raw upstream payload"},{"ancestorTitles":["AI Routes Integration Tests","POST /api/code/autocomplete"],"duration":6,"failing":false,"failureDetails":[],"failureMessages":[],"fullName":"AI Routes Integration Tests POST /api/code/autocomplete should return suggestion code","invocations":1,"location":null,"numPassingAsserts":3,"retryReasons":[],"startAt":1782912111481,"status":"passed","title":"should return suggestion code"},{"ancestorTitles":["AI Routes Integration Tests","POST /api/images/text-editor"],"duration":6,"failing":false,"failureDetails":[],"failureMessages":[],"fullName":"AI Routes Integration Tests POST /api/images/text-editor should return edited image response","invocations":1,"location":null,"numPassingAsserts":2,"retryReasons":[],"startAt":1782912111488,"status":"passed","title":"should return edited image response"},{"ancestorTitles":["AI Routes Integration Tests","POST /api/images/text-editor"],"duration":24,"failing":false,"failureDetails":[],"failureMessages":[],"fullName":"AI Routes Integration Tests POST /api/images/text-editor should normalize various imageUrl formats to relative asset key before calling 1min.ai features","invocations":1,"location":null,"numPassingAsserts":18,"retryReasons":[],"startAt":1782912111494,"status":"passed","title":"should normalize various imageUrl formats to relative asset key before calling 1min.ai features"},{
[...]
write + GET /api/fs/read read rejects missing path","invocations":1,"location":null,"numPassingAsserts":1,"retryReasons":[],"startAt":1782912111576,"status":"passed","title":"read rejects missing path"},{"ancestorTitles":["FS Routes","POST /api/fs/write + GET /api/fs/read"],"duration":7,"failing":false,"failureDetails":[],"failureMessages":[],"fullName":"FS Routes POST /api/fs/write + GET /api/fs/read write rejects missing path","invocations":1,"location":null,"numPassingAsserts":1,"retryReasons":[],"startAt":1782912111582,"status":"passed","title":"write rejects missing path"},{"ancestorTitles":["FS Routes","POST /api/fs/write + GET /api/fs/read"],"duration":5,"failing":false,"failureDetails":[],"failureMessages":[],"fullName":"FS Routes POST /api/fs/write + GET /api/fs/read write rejects missing content","invocations":1,"location":null,"numPassingAsserts":1,"retryReasons":[],"startAt":1782912111589,"status":"passed","title":"write rejects missing content"},{"ancestorTitles":["FS Routes","POST /api/fs/create"],"duration":9,"failing":false,"failureDetails":[],"failureMessages":[],"fullName":"FS Routes POST /api/fs/create creates a file with content","invocations":1,"location":null,"numPassingAsserts":3,"retryReasons":[],"startAt":1782912111594,"status":"passed","title":"creates a file with content"},{"ancestorTitles":["FS Routes","POST /api/fs/create"],"duration":7,"failing":false,"failureDetails":[],"failureMessages":[],"fullName":"FS Routes POST /api/fs/create creates a directory","invocations":1,"location":null,"numPassingAsserts":3,"retryReasons":[],"startAt":1782912111603,"status":"passed","title":"creates a directory"},{"ancestorTitles":["FS Routes","POST /api/fs/delete"],"duration":8,"failing":false,"failureDetails":[],"failureMessages":[],"fullName":"FS Routes POST /api/fs/delete deletes a file","invocations":1,"location":null,"numPassingAsserts":3,"retryReasons":[],"startAt":1782912111611,"status":"passed","title":"deletes a file"},{"ancestorTitles":["FS Routes","POST /api/fs/delete"],"duration":4,"failing":false,"failureDetails":[],"failureMessages":[],"fullName":"FS Routes POST /api/fs/delete rejects missing path","invocations":1,"location":null,"numPassingAsserts":1,"retryReasons":[],"startAt":1782912111619,"status":"passed","title":"rejects missing path"},{"ancestorTitles":["FS Routes","POST /api/fs/rename"],"duration":10,"failing":false,"failureDetails":[],"failureMessages":[],"fullName":"FS Routes POST /api/fs/rename renames a file","invocations":1,"location":null,"numPassingAsserts":4,"retryReasons":[],"startAt":1782912111623,"status":"passed","title":"renames a file"},{"ancestorTitles":["FS Routes","POST /api/fs/rename"],"duration":5,"failing":false,"failureDetails":[],"failureMessages":[],"fullName":"FS Routes POST /api/fs/rename rejects missing parameters","invocations":1,"location":null,"numPassingAsserts":1,"retryReasons":[],"startAt":1782912111633,"status":"passed","title":"rejects missing parameters"},{"ancestorTitles":["FS Routes","Protection checks"],"duration":7,"failing":false,"failureDetails":[],"failureMessages":[],"fullName":"FS Routes Protection checks read blocks protected .env path","invocations":1,"location":null,"numPassingAsserts":1,"retryReasons":[],"startAt":1782912111638,"status":"passed","title":"read blocks protected .env path"},{"ancestorTitles":["FS Routes","Protection checks"],"duration":8,"failing":false,"failureDetails":[],"failureMessages":[],"fullName":"FS Routes Protection checks read blocks protected agent persistence paths","invocations":1,"location":null,"numPassingAsserts":1,"retryReasons":[],"startAt":1782912111645,"status":"passed","title":"read blocks protected agent persistence paths"},{"ancestorTitles":["FS Routes","Protection checks"],"duration":5,"failing":false,"failureDetails":[],"failureMessages":[],"fullName":"FS Routes Protection checks write blocks protected server.js path","invocations":1,"location":null,"numPassingAsserts":1,"retryReasons":[],"startAt":1782912111653,"status":"passed","title":"write blocks protected server.js path"},{"ancestorTitles":["FS Routes","Protection checks"],"duration":6,"failing":false,"failureDetails":[],"failureMessages":[],"fullName":"FS Routes Protection checks delete blocks protected package.json path","invocations":1,"location":null,"numPassingAsserts":1,"retryReasons":[],"startAt":1782912111658,"status":"passed","title":"delete blocks protected package.json path"},{"ancestorTitles":["FS Routes","Protection checks"],"duration":6,"failing":false,"failureDetails":[],"failureMessages":[],"fullName":"FS Routes Protection checks rename blocks protected utils/ path","invocations":1,"location":null,"numPassingAsserts":1,"retryReasons":[],"startAt":1782912111664,"status":"passed","title":"rename blocks protected utils/ path"},{"ancestorTitles":["FS Routes","Protection checks"],"duration":6,"failing":false,"failureDetails":[],"failureMessages":[],"fullName":"FS Routes Protection checks read blocks binary files","invocations":1,"location":null,"numPassingAsserts":1,"retryReasons":[],"startAt":1782912111670,"status":"passed","title":"read blocks binary files"}],"endTime":1782912111677,"message":"","name":"C:\\Users\\mibu0\\Documents\\develop\\one-min-ai-monaco-client\\tests\\fs-routes.test.js","startTime":1782912110569,"status":"passed","summary":""},{"assertionResults":[{"ancestorTitles":["Agent Directory and Patch Routes","GET /api/agent/sessions/:id/dir"],"duration":60,"failing":false,"failureDetails":[],"failureMessages":[],"fullName":"Agent Directory and Patch Routes GET /api/agent/sessions/:id/dir should list contents of the directory","invocations":1,"location":null,"numPassingAsserts":5,"retryReasons":[],"startAt":1782912111404,"status":"passed","title":"should list contents of the directory"},{"ancestorTitles":["Agent Directory and Patch Routes","GET /api/agent/sessions/:id/dir"],"duration":12,"failing":false,"failureDetails":[],"failureMessages":[],"fullName":"Agent Directory and Patch Routes GET /api/agent/sessions/:id/dir should return 404 for invalid session","invocations":1,"location":null,"numPassingAsserts":2,"retryReasons":[],"startAt":1782912111464,"status":"passed","title":"should return 404 for invalid session"},{"ancestorTitles":["Agent Directory and Patch Routes","GET /api/agent/sessions/:id/dir"],"duration":13,"failing":false,"failureDetails":[],"failureMessages":[],"fullName":"Agent Directory and Patch Routes GET /api/agent/sessions/:id/dir should return 403 for protected path","invocations":1,"location":null,"numPassingAsserts":1,"retryReasons":[],"startAt":1782912111476,"status":"passed","title":"should return 403 for protected path"},{"ancestorTitles":["Agent Directory and Patch Routes","GET/POST /api/agent/sessions/:id/files"],"duration":29,"failing":false,"failureDetails":[],"failureMessages":[],"fullName":"Agent Directory and Patch Routes GET/POST /api/agent/sessions/:id/files should write and read back a file in session context","invocations":1,"location":null,"numPassingAsserts":4,"retryReasons":[],"startAt":1782912111489,"status":"passed","title":"should write and read back a file in session context"},{"ancestorTitles":["Agent Directory and Patch Routes","GET/POST /api/agent/sessions/:id/files"],"duration":16,"failing":false,"failureDetails":[],"failureMessages":[],"fullName":"Agent Directory and Patch Routes GET/POST /api/agent/sessions/:id/files should block reading protected agent persistence paths in session context","invocations":1,"location":null,"numPassingAsserts":1,"retryReasons":[],"startAt":1782912111518,"status":"passed","title":"should block reading protected agent persistence paths in session context"},{"ancestorTitles":["Agent Directory and Patch Routes","GET/POST /api/agent/sessions/:id/files"],"duration":36,"failing":false,"failureDetails":[],"failureMessages":[],"fullName":"Agent Directory and Patch Routes GET/POST /api/agent/sessions/:id/files should read a specific slice of lines when startLine and/or endLine are provided","invocations":1,"location":null,"numPassingAsserts":6,"retryReasons":[],"startAt":1782912111534,"status":"passed","title":"should read a specific slice of lines when startLine and/or endLine are provided"},{"ancestorTitles":["Agent Directory and Patch Routes","GET/POST /api/agent/sessions/:id/files"],"duration":18,"failing":false,"failureDetails":[],"failureMessages":[],"fullName":"Agent Directory and Patch Routes GET/POST /api/agent/sessions/:id/files should reject invalid startLine and endLine values","invocations":1,"location":null,"numPassingAsserts":2,"retryReasons":[],"startAt":1782912111570,"status":"passed","title":"should reject invalid startLine and endLine values"},{"ancestorTitles":["Agent Directory and Patch Routes","POST /api/agent/sessions/:id/diff"],"duration":14,"failing":false,"failureDetails":[],"failureMessages":[],"fullName":"Agent Directory and Patch Routes POST /api/agent/sessions/:id/diff should apply diff with search-and-replace block","invocations":1,"location":null,"numPassingAsserts":5,"retryReasons":[],"startAt":1782912111588,"status":"passed","title":"should apply diff with search-and-replace block"},{"ancestorTitles":["Agent Directory and Patch Routes","POST /api/agent/sessions/:id/diff"],"duration":11,"failing":false,"failureDetails":[],"failureMessages":[],"fullName":"Agent Directory and Patch Routes POST /api/agent/sessions/:id/diff should apply multi-block diff successfully","invocations":1,"location":null,"numPassingAsserts":7,"retryReasons":[],"startAt":1782912111603,"status":"passed","title":"should apply multi-block diff successfully"},{"ancestorTitles":["Agent Directory and Patch Routes","POST /api/agent/sessions/:id/diff"],"duration":10,"failing":false,"failureDetails":[],"failureMessages":[],"fullName":"Agent Directory and Patch Routes POST /api/agent/sessions/:id/diff should apply diff even if leading indentation of search block is mismatched","invocations":1,"location":null,"numPassingAsserts":5,"retryReasons":[],"startAt":1782912111615,"status":"passed","title":"should apply diff even if leading indentation of search block is mismatched"},{"ancestorTitles":["Agent Directory and Patch Routes","POST /api/agent/sessions/:id/diff"],"duration":9,"failing":false,"failureDetails":[],"failureMessages":[],"fullName":"Agent Directory and Patch Routes POST /api/agent/sessions/:id/diff should return 400 if search block not found","invocations":1,"location":null,"numPassingAsserts":2,"retryReasons":[],"startAt":1782912111625,"status":"passed","title":"should return 400 if search block not found"},{"ancestorTitles":["Agent Directory and Patch Routes","POST /api/agent/sessions/:id/diff"],"duration":10,"failing":false,"failureDetails":[],"failureMessages":[],"fullName":"Agent Directory and Patch Routes POST /api/agent/sessions/:id/diff should return 400 if search block has multiple matches","invocations":1,"location":null,"numPassingAsserts":2,"retryReasons":[],"startAt":1782912111634,"status":"passed","title":"should return 400 if search block has multiple matches"},{"ancestorTitles":["Agent Directory and Patch Routes","POST /api/agent/sessions/:id/diff"],"duration":9,"failing":false,"failureDetails":[],"failureMessages":[],"fullName":"Agent Directory and Patch Routes POST /api/agent/sessions/:id/diff should return 400 if no valid SEARCH/REPLACE blocks found","invocations":1,"location":null,"numPassingAsserts":2,"retryReasons":[],"startAt":1782912111644,"status":"passed","title":"should return 400 if no valid SEARCH/REPLACE blocks found"},{"ancestorTitles":["Agent Directory and Patch Routes","GET /api/agent/sessions/:id/search"],"duration":311,"failing":false,"failureDetails":[],"failureMessages":[],"fullName":"Agent Directory and Patch Routes GET /api/agent/sessions/:id/search should find query in test file","invocations":1,"location":null,"numPassingAsserts":7,"retryReasons":[],"startAt":1782912111653,"status":"passed","title":"should find query in test file"},{"ancestorTitles":["Agent Directory and Patch Routes","GET /api/agent/sessions/:id/search"],"duration":6,"failing":false,"failureDetails":[],"failureMessages":[],"fullName":"Agent Directory and Patch Routes GET /api/agent/sessions/:id/search should return 400 for missing query","invocations":1,"location":null,"numPassingAsserts":2,"retryReasons":[],"startAt":1782912111964,"status":"passed","title":"should return 400 for missing query"},{"ancestorTitles":["Agent Directory and Patch Routes","GET /api/agent/sessions/:id/search"],"duration":7,"failing":false,"failureDetails":[],"failureMessages":[],"fullName":"Agent Directory and Patch Routes GET /api/agent/sessions/:id/search should return 403 for protected search directory","invocations":1,"location":null,"numPassingAsserts":1,"retryReasons":[],"startAt":1782912111970,"status":"passed","title":"should return 403 for protected search directory"}],"endTime":1782912111977,"message":"","name":"C:\\Users\\mibu0\\Documents\\develop\\one-min-ai-monaco-client\\tests\\agent-routes.test.js","startTime":1782912110555,"status":"passed","summary":""},{"assertionResults":[{"ancestorTitles":["command-runner","checkCommandSafety"],"duration":11,"failing":false,"failureDetails":[],"failureMessages":[],"fullName":"command-runner checkCommandSafety should allow safe commands","invocations":1,"location":null,"numPassingAsserts":4,"retryReasons":[],"startAt":1782912110914,"status":"passed","title":"should allow safe commands"},{"ancestorTitles":["command-runner","checkCommandSafety"],"duration":1,"failing":false,"failureDetails":[],"failureMessages":[],"fullName":"command-runner checkCommandSafety should block rm -rf /","invocations":1,"location":null,"numPassingAsserts":2,"retryReasons":[],"startAt":1782912110925,"status":"passed","title":"should block rm -rf /"},{"ancestorTitles":["command-runner","checkCommandSafety"],"duration":0,"failing":false,"failureDetails":[],"failureMessages":[],"fullName":"command-runner checkCommandSafety should block sudo commands","invocations":1,"location":null,"numPassingAsserts":1,"retryReasons":[],"startAt":1782912110926,"status":"passed","title":"should block sudo commands"},{"ancestorTitles":["command-runner","checkCommandSafety"],"duration":0,"failing":false,"failureDetails":[],"failureMessages":[],"fullName":"command-runner checkCommandSafety should block curl pipe to bash","invocations":1,"location":null,"numPassingAsserts":1,"retryReasons":[],"startAt":1782912110926,"status":"passed","title":"should block curl pipe to bash"},{"ancestorTitles":["command-runner","checkCommandSafety"],"duration":1,"failing":false,"failureDetails":[],"failureMessages":[],"fullName":"command-runner checkCommandSafety should block wget pipe to sh","invocations":1,"location":null,"numPassingAsserts":1,"retryReasons":[],"startAt":1782912110926,"status":"passed","title":"should block wget pipe to sh"},{"ancestorTitles":["command-runner","checkCommandSafety"],"duration":0,"failing":false,"failureDetails":[],"failureMessages":[],"fullName":"command-runner checkCommandSafety should block shell metacharacters","invocations":1,"location":null,"numPassingAsserts":3,"retryReasons":[],"startAt":1782912110927,"status":"passed","title":"should block shell metacharacters"},{"ancestorTitles":["command-runner","checkCommandSafety"],"duration":0,"failing":false,"failureDetails":[],"failureMessages":[],"fullName":"command-runner checkCommandSafety should block direct script execution flags","invocations":1,"location":null,"numPassingAsserts":2,"retryReasons":[],"startAt":1782912110927,"status":"passed","title":"should block direct script execution flags"},{"ancestorTitles":["command-runner","checkCommandSafety"],"duration":1,"failing":false,"failureDetails":[],"failureMessages":[],"fullName":"command-runner checkCommandSafety should allow quoted arguments without shell metacharacters","invocations":1,"location":null,"numPassingAsserts":1,"retryReasons":[],"startAt":1782912110927,"status":"passed","title":"should allow quoted arguments without shell metacharacters"},{"ancestorTitles":["command-runner","checkCommandSafety"],"duration":0,"failing":false,"failureDetails":[],"failureMessages":[],"fullName":"command-runner checkCommandSafety should allow valid commands with metacharacters safely enclosed in quotes","invocations":1,"location":null,"numPassingAsserts":1,"retryReasons":[],"startAt":1782912110928,"status":"passed","title":"should allow valid commands with metacharacters safely enclosed in quotes"},{"ancestorTitles":["command-runner","checkCommandSafety"],"duration":0,"failing":false,"failureDetails":[],"failureMessages":[],"fullName":"command-runner checkCommandSafety should block format command","invocations":1,"location":null,"numPassingAsserts":1,"retryReasons":[],"startAt":1782912110928,"status":"passed","title":"should block format command"},{"ancestorTitles":["command-runner","checkCommandSafety"],"duration":0,"failing":false,"failureDetails":[],"failureMessages":[],"fullName":"command-runner checkCommandSafety should block empty command","invocations":1,"location":null,"numPassingAsserts":1,"retryReasons":[],"startAt":1782912110928,"status":"passed","title":"should block empty command"},{"ancestorTitles":["command-runner","checkCommandSafety"],"duration":0,"failing":false,"failureDetails":[],"failureMessages":[],"fullName":"command-runner checkCommandSafety should block null command","invocations":1,"location":null,"numPassingAsserts":1,"retryReasons":[],"startAt":1782912110929,"status":"passed","title":"should block null command"},{"ancestorTitles":["command-runner","checkCommandSafety"],"duration":0,"failing":false,"failureDetails":[],"failureMessages":[],"fullName":"command-runner checkCommandSafety should block undefined command","invocations":1,"location":null,"numPassingAsserts":1,"retryReasons":[],"startAt":1782912110929,"status":"passed","title":"should block undefined command"},{"ancestorTitles":["command-runner","executeCommand"],"duration":113,"failing":false,"failureDetails":[],"failureMessages":[],"fullName":"command-runner executeCommand should execute simple node command","invocations":1,"location":null,"numPassingAsserts":3,"retryReasons":[],"startAt":1782912110929,"status":"passed","title":"should execute simple node command"},{"ancestorTitles":["command-runner","executeCommand"],"duration":104,"failing":false,"failureDetails":[],"failureMessages":[],"fullName":"command-runner executeCommand should capture stderr via a failing command","invocations":1,"location":null,"numPassingAsserts":2,"retryReasons":[],"startAt":1782912111042,"status":"passed","title":"should capture stderr via a failing command"},{"ancestorTitles":["command-runner","executeCommand"],"duration":1015,"failing":false,"failureDetails":[],"failureMessages":[],"fullName":"command-runner executeCommand should handle command timeout","invocations":1,"location":null,"numPassingAsserts":1,"retryReasons":[],"startAt":1782912111146,"status":"passed","title":"should handle command timeout"},{"ancestorTitles":["command-runner","executeCommand"],"duration":2,"failing":false,"failureDetails":[],"failureMessages":[],"fullName":"command-runner executeCommand should block dangerous commands","invocations":1,"location":null,"numPassingAsserts":1,"retryReasons":[],"startAt":1782912112162,"status":"passed","title":"should block dangerous commands"},{"ancestorTitles":["command-runner","executeCommand"],"duration":0,"failing":false,"failureDetails":[],"failureMessages":[],"fullName":"command-runner executeCommand should return non-zero exit code for failing command","invocations":1,"location":null,"numPassingAsserts":1,"retryReasons":[],"startAt":1782912112164,"status":"passed","title":"should return non-zero exit code for failing command"}],"endTime":1782912112164,"message":"","name":"C:\\Users\\mibu0\\Documents\\develop\\one-min-ai-monaco-client\\tests\\command-runner.test.js","startTime":1782912110548,"status":"passed","summary":""}],"wasInterrupted":false}
